#
# There is insufficient memory for the Java Runtime Environment to continue.
# Native memory allocation (mmap) failed to map 67108864 bytes for G1 virtual space
# Possible reasons:
#   The system is out of physical RAM or swap space
#   The process is running with CompressedOops enabled, and the Java Heap may be blocking the growth of the native heap
# Possible solutions:
#   Reduce memory load on the system
#   Increase physical memory or swap space
#   Check if swap backing store is full
#   Decrease Java heap size (-Xmx/-Xms)
#   Decrease number of Java threads
#   Decrease Java thread stack sizes (-Xss)
#   Set larger code cache with -XX:ReservedCodeCacheSize=
#   JVM is running with Unscaled Compressed Oops mode in which the Java heap is
#     placed in the first 4GB address space. The Java Heap base address is the
#     maximum limit for the native heap growth. Please use -XX:HeapBaseMinAddress
#     to set the Java Heap base and to place the Java Heap above 4GB virtual address.
# This output file may be truncated or incomplete.
#
#  Out of Memory Error (os_windows.cpp:3532), pid=8108, tid=17648
#
# JRE version:  (17.0.2+8) (build )
# Java VM: Java HotSpot(TM) 64-Bit Server VM (17.0.2+8-LTS-86, mixed mode, sharing, tiered, compressed oops, compressed class ptrs, g1 gc, windows-amd64)
# No core dump will be written. Minidumps are not enabled by default on client versions of Windows
#

---------------  S U M M A R Y ------------

Command Line: -Xmx64m -Xms64m -Dorg.gradle.appname=gradlew org.gradle.wrapper.GradleWrapperMain app:installDebug -PreactNativeDevServerPort=8081

Host: Intel(R) Core(TM) i7-6820HQ CPU @ 2.70GHz, 8 cores, 15G,  Windows 10 , 64 bit Build 19041 (10.0.19041.2788)
Time: Tue Apr 18 09:13:25 2023 SE Asia Standard Time elapsed time: 0.033011 seconds (0d 0h 0m 0s)

---------------  T H R E A D  ---------------

Current thread (0x000001abb8812cf0):  JavaThread "Unknown thread" [_thread_in_vm, id=17648, stack(0x0000009d57700000,0x0000009d57800000)]

Stack: [0x0000009d57700000,0x0000009d57800000]
Native frames: (J=compiled Java code, j=interpreted, Vv=VM code, C=native code)
V  [jvm.dll+0x670baa]
V  [jvm.dll+0x7cfcb4]
V  [jvm.dll+0x7d145e]
V  [jvm.dll+0x7d1ac3]
V  [jvm.dll+0x242bc5]
V  [jvm.dll+0x66dac9]
V  [jvm.dll+0x662412]
V  [jvm.dll+0x300c0b]
V  [jvm.dll+0x3081a6]
V  [jvm.dll+0x357d0e]
V  [jvm.dll+0x357f3f]
V  [jvm.dll+0x2d7ec8]
V  [jvm.dll+0x2d8e34]
V  [jvm.dll+0x7a18c1]
V  [jvm.dll+0x365a91]
V  [jvm.dll+0x780d2c]
V  [jvm.dll+0x3e845f]
V  [jvm.dll+0x3e9f01]
C  [jli.dll+0x527b]
C  [ucrtbase.dll+0x21bb2]
C  [KERNEL32.DLL+0x17604]
C  [ntdll.dll+0x526a1]


---------------  P R O C E S S  ---------------

Threads class SMR info:
_java_thread_list=0x00007ff9c07e9858, length=0, elements={
}

Java Threads: ( => current thread )

Other Threads:
  0x000001abb8833960 GCTaskThread "GC Thread#0" [stack: 0x0000009d57800000,0x0000009d57900000] [id=20608]
  0x000001abb88350a0 ConcurrentGCThread "G1 Main Marker" [stack: 0x0000009d57900000,0x0000009d57a00000] [id=5964]
  0x000001abb8836ac0 ConcurrentGCThread "G1 Conc#0" [stack: 0x0000009d57a00000,0x0000009d57b00000] [id=21324]

[error occurred during error reporting (printing all threads), id 0xc0000005, EXCEPTION_ACCESS_VIOLATION (0xc0000005) at pc=0x00007ff9c00388a7]

VM state: not at safepoint (not fully initialized)

VM Mutex/Monitor currently owned by a thread:  ([mutex/lock_event])
[0x000001abb880e220] Heap_lock - owner thread: 0x000001abb8812cf0

Heap address: 0x00000000fc000000, size: 64 MB, Compressed Oops mode: 32-bit

CDS archive(s) mapped at: [0x0000000000000000-0x0000000000000000-0x0000000000000000), size 0, SharedBaseAddress: 0x0000000800000000, ArchiveRelocationMode: 0.
Narrow klass base: 0x0000000000000000, Narrow klass shift: 0, Narrow klass range: 0x0

GC Precious Log:
<Empty>

Heap:
 garbage-first heap   total 0K, used 0K [0x00000000fc000000, 0x0000000100000000)
  region size 1024K, 0 young (0K), 0 survivors (0K)

[error occurred during error reporting (printing heap information), id 0xc0000005, EXCEPTION_ACCESS_VIOLATION (0xc0000005) at pc=0x00007ff9c0419f19]

GC Heap History (0 events):
No events

Deoptimization events (0 events):
No events

Classes unloaded (0 events):
No events

Classes redefined (0 events):
No events

Internal exceptions (0 events):
No events

VM Operations (0 events):
No events

Events (1 events):
Event: 0.008 Loaded shared library C:\Program Files\Java\jdk-17.0.2\bin\java.dll


Dynamic libraries:
0x00007ff709a10000 - 0x00007ff709a20000 	C:\Program Files\Java\jdk-17.0.2\bin\java.exe
0x00007ffa57490000 - 0x00007ffa57688000 	C:\WINDOWS\SYSTEM32\ntdll.dll
0x00007ffa55c90000 - 0x00007ffa55d4f000 	C:\WINDOWS\System32\KERNEL32.DLL
0x00007ffa54f20000 - 0x00007ffa551fa000 	C:\WINDOWS\System32\KERNELBASE.dll
0x00007ffa552b0000 - 0x00007ffa553b0000 	C:\WINDOWS\System32\ucrtbase.dll
0x00007ff9c0f10000 - 0x00007ff9c0f28000 	C:\Program Files\Java\jdk-17.0.2\bin\jli.dll
0x00007ffa56a90000 - 0x00007ffa56b3e000 	C:\WINDOWS\System32\ADVAPI32.dll
0x00007ffa554f0000 - 0x00007ffa5558e000 	C:\WINDOWS\System32\msvcrt.dll
0x00007ffa55590000 - 0x00007ffa5562c000 	C:\WINDOWS\System32\sechost.dll
0x00007ffa57320000 - 0x00007ffa57446000 	C:\WINDOWS\System32\RPCRT4.dll
0x00007ffa55d50000 - 0x00007ffa55eed000 	C:\WINDOWS\System32\USER32.dll
0x00007ffa54ba0000 - 0x00007ffa54bc2000 	C:\WINDOWS\System32\win32u.dll
0x00007ffa56a50000 - 0x00007ffa56a7b000 	C:\WINDOWS\System32\GDI32.dll
0x00007ffa54dc0000 - 0x00007ffa54ed0000 	C:\WINDOWS\System32\gdi32full.dll
0x00007ffa553b0000 - 0x00007ffa5544d000 	C:\WINDOWS\System32\msvcp_win.dll
0x00007ff9cdce0000 - 0x00007ff9cdcfa000 	C:\Program Files\Java\jdk-17.0.2\bin\VCRUNTIME140.dll
0x00007ffa3e6b0000 - 0x00007ffa3e94a000 	C:\WINDOWS\WinSxS\amd64_microsoft.windows.common-controls_6595b64144ccf1df_6.0.19041.1110_none_60b5254171f9507e\COMCTL32.dll
0x00007ffa4f710000 - 0x00007ffa4f71a000 	C:\WINDOWS\SYSTEM32\VERSION.dll
0x00007ffa572f0000 - 0x00007ffa57320000 	C:\WINDOWS\System32\IMM32.DLL
0x00007ffa34380000 - 0x00007ffa3438c000 	C:\Program Files\Java\jdk-17.0.2\bin\vcruntime140_1.dll
0x00007ff9c0920000 - 0x00007ff9c09ad000 	C:\Program Files\Java\jdk-17.0.2\bin\msvcp140.dll
0x00007ff9bfd50000 - 0x00007ff9c0911000 	C:\Program Files\Java\jdk-17.0.2\bin\server\jvm.dll
0x00007ffa55630000 - 0x00007ffa55638000 	C:\WINDOWS\System32\PSAPI.DLL
0x00007ffa3e3f0000 - 0x00007ffa3e3f9000 	C:\WINDOWS\SYSTEM32\WSOCK32.dll
0x00007ffa42210000 - 0x00007ffa42237000 	C:\WINDOWS\SYSTEM32\WINMM.dll
0x00007ffa56690000 - 0x00007ffa566fb000 	C:\WINDOWS\System32\WS2_32.dll
0x00007ffa52a60000 - 0x00007ffa52a72000 	C:\WINDOWS\SYSTEM32\kernel.appcore.dll
0x00007ff9c0f00000 - 0x00007ff9c0f0a000 	C:\Program Files\Java\jdk-17.0.2\bin\jimage.dll
0x00007ffa4b3b0000 - 0x00007ffa4b594000 	C:\WINDOWS\SYSTEM32\DBGHELP.DLL
0x00007ffa3bfe0000 - 0x00007ffa3c014000 	C:\WINDOWS\SYSTEM32\dbgcore.DLL
0x00007ffa54d30000 - 0x00007ffa54db2000 	C:\WINDOWS\System32\bcryptPrimitives.dll
0x00007ff9c0e80000 - 0x00007ff9c0ea5000 	C:\Program Files\Java\jdk-17.0.2\bin\java.dll

dbghelp: loaded successfully - version: 4.0.5 - missing functions: none
symbol engine: initialized successfully - sym options: 0x614 - pdb path: .;C:\Program Files\Java\jdk-17.0.2\bin;C:\WINDOWS\SYSTEM32;C:\WINDOWS\WinSxS\amd64_microsoft.windows.common-controls_6595b64144ccf1df_6.0.19041.1110_none_60b5254171f9507e;C:\Program Files\Java\jdk-17.0.2\bin\server

VM Arguments:
jvm_args: -Xmx64m -Xms64m -Dorg.gradle.appname=gradlew 
java_command: org.gradle.wrapper.GradleWrapperMain app:installDebug -PreactNativeDevServerPort=8081
java_class_path (initial): D:\NAM4-HK2\PTPMHDV\React-Native\FREELANCE\android\\gradle\wrapper\gradle-wrapper.jar
Launcher Type: SUN_STANDARD

[Global flags]
     intx CICompilerCount                          = 4                                         {product} {ergonomic}
     uint ConcGCThreads                            = 2                                         {product} {ergonomic}
     uint G1ConcRefinementThreads                  = 8                                         {product} {ergonomic}
   size_t G1HeapRegionSize                         = 1048576                                   {product} {ergonomic}
    uintx GCDrainStackTargetSize                   = 64                                        {product} {ergonomic}
   size_t InitialHeapSize                          = 67108864                                  {product} {command line}
   size_t MarkStackSize                            = 4194304                                   {product} {ergonomic}
   size_t MaxHeapSize                              = 67108864                                  {product} {command line}
   size_t MinHeapDeltaBytes                        = 1048576                                   {product} {ergonomic}
   size_t MinHeapSize                              = 67108864                                  {product} {command line}
    uintx NonNMethodCodeHeapSize                   = 5839372                                {pd product} {ergonomic}
    uintx NonProfiledCodeHeapSize                  = 122909434                              {pd product} {ergonomic}
    uintx ProfiledCodeHeapSize                     = 122909434                              {pd product} {ergonomic}
    uintx ReservedCodeCacheSize                    = 251658240                              {pd product} {ergonomic}
     bool SegmentedCodeCache                       = true                                      {product} {ergonomic}
   size_t SoftMaxHeapSize                          = 67108864                               {manageable} {ergonomic}
     bool UseCompressedClassPointers               = true                           {product lp64_product} {ergonomic}
     bool UseCompressedOops                        = true                           {product lp64_product} {ergonomic}
     bool UseG1GC                                  = true                                      {product} {ergonomic}
     bool UseLargePagesIndividualAllocation        = false                                  {pd product} {ergonomic}

Logging:
Log output configuration:
 #0: stdout all=warning uptime,level,tags
 #1: stderr all=off uptime,level,tags

Environment Variables:
JAVA_HOME=C:\Program Files\Java\jdk-17.0.2
CLASSPATH=D:\NAM4-HK2\PTPMHDV\React-Native\FREELANCE\android\\gradle\wrapper\gradle-wrapper.jar
PATH=D:\NAM4-HK2\PTPMHDV\React-Native\FREELANCE\android\node_modules\.bin;D:\NAM4-HK2\PTPMHDV\React-Native\FREELANCE\node_modules\.bin;D:\NAM4-HK2\PTPMHDV\React-Native\node_modules\.bin;D:\NAM4-HK2\PTPMHDV\node_modules\.bin;D:\NAM4-HK2\node_modules\.bin;D:\node_modules\.bin;C:\Program Files\nodejs;D:\NAM4-HK2\PTPMHDV\React-Native\FREELANCE\android\node_modules\.bin;D:\NAM4-HK2\PTPMHDV\React-Native\FREELANCE\node_modules\.bin;D:\NAM4-HK2\PTPMHDV\React-Native\node_modules\.bin;D:\NAM4-HK2\PTPMHDV\node_modules\.bin;D:\NAM4-HK2\node_modules\.bin;D:\node_modules\.bin;C:\Program Files\nodejs\node_modules\npm\node_modules\@npmcli\run-script\lib\node-gyp-bin;C:\Program Files\Common Files\Oracle\Java\javapath;C:\Program Files\Python39\Scripts\;C:\Program Files\Python39\;C:\WINDOWS\system32;C:\WINDOWS;C:\WINDOWS\System32\Wbem;C:\WINDOWS\System32\WindowsPowerShell\v1.0\;C:\WINDOWS\System32\OpenSSH\;C:\Program Files\Microsoft SQL Server\Client SDK\ODBC\170\Tools\Binn\;C:\Program Files (x86)\Microsoft SQL Server\150\Tools\Binn\;C:\Program Files\Microsoft SQL Server\150\Tools\Binn\;C:\Program Files\Microsoft SQL Server\150\DTS\Binn\;C:\Program Files (x86)\Microsoft SQL Server\150\DTS\Binn\;C:\Program Files\Azure Data Studio\bin;C:\Program Files\Microsoft SQL Server\Client SDK\ODBC\110\Tools\Binn\;C:\Program Files\Microsoft SQL Server\120\DTS\Binn\;C:\Program Files (x86)\Microsoft SQL Server\120\Tools\Binn\;C:\Program Files\Microsoft SQL Server\120\Tools\Binn\;C:\Program Files (x86)\Microsoft SQL Server\120\Tools\Binn\ManagementStudio\;C:\Program Files (x86)\Microsoft SQL Server\120\DTS\Binn\;C:\Program Files\dotnet\;C:\Program Files\Git\cmd;C:\Program Files\Git\usr\bin;C:\Program Files\Microsoft SQL Server\130\Tools\Binn\;C:\Program Files\Java\jdk-17.0.2\bin;C:\Program Files\apache-maven-3.8.4\bin;C:\Program Files\nodejs\;C:\Program Files\Java\jdk-14\bin;C:\Program Files\MongoDB\Server\6.0\bin;C:\Program Files\mongosh-1.8.0-win32-x64\bin;C:\Users\DELL\AppData\Local\Microsoft\Windows
USERNAME=DELL
OS=Windows_NT
PROCESSOR_IDENTIFIER=Intel64 Family 6 Model 94 Stepping 3, GenuineIntel



---------------  S Y S T E M  ---------------

OS:
 Windows 10 , 64 bit Build 19041 (10.0.19041.2788)
OS uptime: 0 days 1:08 hours

CPU: total 8 (initial active 8) (4 cores per cpu, 2 threads per core) family 6 model 94 stepping 3 microcode 0xcc, cx8, cmov, fxsr, ht, mmx, 3dnowpref, sse, sse2, sse3, ssse3, sse4.1, sse4.2, popcnt, lzcnt, tsc, tscinvbit, avx, avx2, aes, erms, clmul, bmi1, bmi2, rtm, adx, fma, vzeroupper, clflush, clflushopt

Memory: 4k page, system-wide physical 16266M (1257M free)
TotalPageFile size 20362M (AvailPageFile size 59M)
current process WorkingSet (physical memory assigned to process): 10M, peak: 10M
current process commit charge ("private bytes"): 59M, peak: 123M

vm_info: Java HotSpot(TM) 64-Bit Server VM (17.0.2+8-LTS-86) for windows-amd64 JRE (17.0.2+8-LTS-86), built on Dec  7 2021 21:51:03 by "mach5one" with MS VC++ 16.8 / 16.9 (VS2019)

END.
