#
# There is insufficient memory for the Java Runtime Environment to continue.
# Native memory allocation (malloc) failed to allocate 1507984 bytes for Chunk::new
# Possible reasons:
#   The system is out of physical RAM or swap space
#   The process is running with CompressedOops enabled, and the Java Heap may be blocking the growth of the native heap
# Possible solutions:
#   Reduce memory load on the system
#   Increase physical memory or swap space
#   Check if swap backing store is full
#   Decrease Java heap size (-Xmx/-Xms)
#   Decrease number of Java threads
#   Decrease Java thread stack sizes (-Xss)
#   Set larger code cache with -XX:ReservedCodeCacheSize=
#   JVM is running with Unscaled Compressed Oops mode in which the Java heap is
#     placed in the first 4GB address space. The Java Heap base address is the
#     maximum limit for the native heap growth. Please use -XX:HeapBaseMinAddress
#     to set the Java Heap base and to place the Java Heap above 4GB virtual address.
# This output file may be truncated or incomplete.
#
#  Out of Memory Error (arena.cpp:189), pid=3680, tid=19392
#
# JRE version: Java(TM) SE Runtime Environment (17.0.2+8) (build 17.0.2+8-LTS-86)
# Java VM: Java HotSpot(TM) 64-Bit Server VM (17.0.2+8-LTS-86, mixed mode, sharing, tiered, compressed oops, compressed class ptrs, g1 gc, windows-amd64)
# No core dump will be written. Minidumps are not enabled by default on client versions of Windows
#

---------------  S U M M A R Y ------------

Command Line: -XX:MaxMetaspaceSize=512m --add-opens=java.base/java.util=ALL-UNNAMED --add-opens=java.base/java.lang=ALL-UNNAMED --add-opens=java.base/java.lang.invoke=ALL-UNNAMED --add-opens=java.base/java.util=ALL-UNNAMED --add-opens=java.prefs/java.util.prefs=ALL-UNNAMED --add-opens=java.prefs/java.util.prefs=ALL-UNNAMED --add-opens=java.base/java.nio.charset=ALL-UNNAMED --add-opens=java.base/java.net=ALL-UNNAMED --add-opens=java.base/java.util.concurrent.atomic=ALL-UNNAMED -Xmx2048m -Dfile.encoding=windows-1252 -Duser.country=US -Duser.language=en -Duser.variant org.gradle.launcher.daemon.bootstrap.GradleDaemon 7.5.1

Host: Intel(R) Core(TM) i7-6820HQ CPU @ 2.70GHz, 8 cores, 15G,  Windows 10 , 64 bit Build 19041 (10.0.19041.2788)
Time: Tue Apr 18 08:39:56 2023 SE Asia Standard Time elapsed time: 1673.132759 seconds (0d 0h 27m 53s)

---------------  T H R E A D  ---------------

Current thread (0x000002bc66d9ea50):  JavaThread "C2 CompilerThread0" daemon [_thread_in_native, id=19392, stack(0x000000d1d7d00000,0x000000d1d7e00000)]


Current CompileTask:
C2:1673132 10823   !   4       org.gradle.internal.service.DefaultServiceRegistry$ManagedObjectServiceProvider::getInstance (47 bytes)

Stack: [0x000000d1d7d00000,0x000000d1d7e00000]
Native frames: (J=compiled Java code, j=interpreted, Vv=VM code, C=native code)
V  [jvm.dll+0x670baa]
V  [jvm.dll+0x7cfcb4]
V  [jvm.dll+0x7d145e]
V  [jvm.dll+0x7d1ac3]
V  [jvm.dll+0x242bc5]
V  [jvm.dll+0xaa57b]
V  [jvm.dll+0xaab0c]
V  [jvm.dll+0x35fd07]
V  [jvm.dll+0x1b9982]
V  [jvm.dll+0x215de9]
V  [jvm.dll+0x2150b1]
V  [jvm.dll+0x1a1bbd]
V  [jvm.dll+0x224908]
V  [jvm.dll+0x222a6c]
V  [jvm.dll+0x7859bb]
V  [jvm.dll+0x77ff7a]
V  [jvm.dll+0x66fa35]
C  [ucrtbase.dll+0x21bb2]
C  [KERNEL32.DLL+0x17604]
C  [ntdll.dll+0x526a1]


---------------  P R O C E S S  ---------------

Threads class SMR info:
_java_thread_list=0x000002bc6eaceb40, length=44, elements={
0x000002bc46bbb3b0, 0x000002bc66d82740, 0x000002bc66d83200, 0x000002bc66d99150,
0x000002bc66d99c10, 0x000002bc66d9c4e0, 0x000002bc66d9ddb0, 0x000002bc66d9ea50,
0x000002bc66da0340, 0x000002bc66da6380, 0x000002bc67905d50, 0x000002bc67908230,
0x000002bc69932880, 0x000002bc688600a0, 0x000002bc6872af30, 0x000002bc698360b0,
0x000002bc69834d70, 0x000002bc69833a30, 0x000002bc69836580, 0x000002bc698343d0,
0x000002bc698348a0, 0x000002bc678472a0, 0x000002bc67848f80, 0x000002bc678450f0,
0x000002bc67845a90, 0x000002bc67846430, 0x000002bc67846900, 0x000002bc67846dd0,
0x000002bc67847c40, 0x000002bc67848ab0, 0x000002bc6c177710, 0x000002bc6e6950a0,
0x000002bc6c9d0cd0, 0x000002bc6c9d2010, 0x000002bc6c9d5ea0, 0x000002bc6c9d3820,
0x000002bc6c9d4b60, 0x000002bc6c9d4690, 0x000002bc6c9d2e80, 0x000002bc6c9d1b40,
0x000002bc6c9d3350, 0x000002bc6c9d3cf0, 0x000002bc6c9d41c0, 0x000002bc699b06d0
}

Java Threads: ( => current thread )
  0x000002bc46bbb3b0 JavaThread "main" [_thread_blocked, id=21804, stack(0x000000d1d7000000,0x000000d1d7100000)]
  0x000002bc66d82740 JavaThread "Reference Handler" daemon [_thread_blocked, id=22492, stack(0x000000d1d7700000,0x000000d1d7800000)]
  0x000002bc66d83200 JavaThread "Finalizer" daemon [_thread_blocked, id=15256, stack(0x000000d1d7800000,0x000000d1d7900000)]
  0x000002bc66d99150 JavaThread "Signal Dispatcher" daemon [_thread_blocked, id=16552, stack(0x000000d1d7900000,0x000000d1d7a00000)]
  0x000002bc66d99c10 JavaThread "Attach Listener" daemon [_thread_blocked, id=2320, stack(0x000000d1d7a00000,0x000000d1d7b00000)]
  0x000002bc66d9c4e0 JavaThread "Service Thread" daemon [_thread_blocked, id=580, stack(0x000000d1d7b00000,0x000000d1d7c00000)]
  0x000002bc66d9ddb0 JavaThread "Monitor Deflation Thread" daemon [_thread_blocked, id=18256, stack(0x000000d1d7c00000,0x000000d1d7d00000)]
=>0x000002bc66d9ea50 JavaThread "C2 CompilerThread0" daemon [_thread_in_native, id=19392, stack(0x000000d1d7d00000,0x000000d1d7e00000)]
  0x000002bc66da0340 JavaThread "C1 CompilerThread0" daemon [_thread_blocked, id=19188, stack(0x000000d1d7e00000,0x000000d1d7f00000)]
  0x000002bc66da6380 JavaThread "Sweeper thread" daemon [_thread_blocked, id=20736, stack(0x000000d1d7f00000,0x000000d1d8000000)]
  0x000002bc67905d50 JavaThread "Common-Cleaner" daemon [_thread_blocked, id=21772, stack(0x000000d1d8000000,0x000000d1d8100000)]
  0x000002bc67908230 JavaThread "Notification Thread" daemon [_thread_blocked, id=20744, stack(0x000000d1d8100000,0x000000d1d8200000)]
  0x000002bc69932880 JavaThread "Daemon health stats" [_thread_blocked, id=15312, stack(0x000000d1d8a00000,0x000000d1d8b00000)]
  0x000002bc688600a0 JavaThread "Incoming local TCP Connector on port 51451" [_thread_in_native, id=18304, stack(0x000000d1d8b00000,0x000000d1d8c00000)]
  0x000002bc6872af30 JavaThread "Daemon periodic checks" [_thread_blocked, id=22096, stack(0x000000d1d8c00000,0x000000d1d8d00000)]
  0x000002bc698360b0 JavaThread "Cache worker for journal cache (C:\Users\DELL\.gradle\caches\journal-1)" [_thread_blocked, id=22012, stack(0x000000d1d9400000,0x000000d1d9500000)]
  0x000002bc69834d70 JavaThread "File lock request listener" [_thread_in_native, id=22008, stack(0x000000d1d8300000,0x000000d1d8400000)]
  0x000002bc69833a30 JavaThread "Cache worker for file hash cache (C:\Users\DELL\.gradle\caches\7.5.1\fileHashes)" [_thread_blocked, id=10700, stack(0x000000d1d8400000,0x000000d1d8500000)]
  0x000002bc69836580 JavaThread "File watcher server" daemon [_thread_in_native, id=17272, stack(0x000000d1d9700000,0x000000d1d9800000)]
  0x000002bc698343d0 JavaThread "File watcher consumer" daemon [_thread_blocked, id=16208, stack(0x000000d1d9800000,0x000000d1d9900000)]
  0x000002bc698348a0 JavaThread "Cache worker for file content cache (C:\Users\DELL\.gradle\caches\7.5.1\fileContent)" [_thread_blocked, id=18248, stack(0x000000d1d9b00000,0x000000d1d9c00000)]
  0x000002bc678472a0 JavaThread "Cache worker for execution history cache (C:\Users\DELL\.gradle\caches\7.5.1\executionHistory)" [_thread_blocked, id=15356, stack(0x000000d1da100000,0x000000d1da200000)]
  0x000002bc67848f80 JavaThread "jar transforms" [_thread_blocked, id=17148, stack(0x000000d1da200000,0x000000d1da300000)]
  0x000002bc678450f0 JavaThread "jar transforms Thread 2" [_thread_blocked, id=17532, stack(0x000000d1da300000,0x000000d1da400000)]
  0x000002bc67845a90 JavaThread "jar transforms Thread 3" [_thread_blocked, id=14612, stack(0x000000d1da400000,0x000000d1da500000)]
  0x000002bc67846430 JavaThread "jar transforms Thread 4" [_thread_blocked, id=21484, stack(0x000000d1da500000,0x000000d1da600000)]
  0x000002bc67846900 JavaThread "Cache worker for kotlin-dsl (C:\Users\DELL\.gradle\caches\7.5.1\kotlin-dsl)" [_thread_blocked, id=17668, stack(0x000000d1d9600000,0x000000d1d9700000)]
  0x000002bc67846dd0 JavaThread "jar transforms Thread 5" [_thread_blocked, id=14496, stack(0x000000d1da700000,0x000000d1da800000)]
  0x000002bc67847c40 JavaThread "jar transforms Thread 6" [_thread_blocked, id=15088, stack(0x000000d1da800000,0x000000d1da900000)]
  0x000002bc67848ab0 JavaThread "jar transforms Thread 7" [_thread_blocked, id=5316, stack(0x000000d1dab00000,0x000000d1dac00000)]
  0x000002bc6c177710 JavaThread "jar transforms Thread 8" [_thread_blocked, id=21792, stack(0x000000d1dcc00000,0x000000d1dcd00000)]
  0x000002bc6e6950a0 JavaThread "Memory manager" [_thread_blocked, id=22308, stack(0x000000d1dce00000,0x000000d1dcf00000)]
  0x000002bc6c9d0cd0 JavaThread "Daemon Thread 2" [_thread_blocked, id=14272, stack(0x000000d1d6d00000,0x000000d1d6e00000)]
  0x000002bc6c9d2010 JavaThread "Handler for socket connection from /127.0.0.1:51451 to /127.0.0.1:52708" [_thread_in_native, id=20944, stack(0x000000d1d6e00000,0x000000d1d6f00000)]
  0x000002bc6c9d5ea0 JavaThread "Cancel handler" [_thread_blocked, id=11288, stack(0x000000d1d6f00000,0x000000d1d7000000)]
  0x000002bc6c9d3820 JavaThread "Daemon worker Thread 2" [_thread_in_native, id=20432, stack(0x000000d1d8d00000,0x000000d1d8e00000)]
  0x000002bc6c9d4b60 JavaThread "Asynchronous log dispatcher for DefaultDaemonConnection: socket connection from /127.0.0.1:51451 to /127.0.0.1:52708" [_thread_blocked, id=17988, stack(0x000000d1d8e00000,0x000000d1d8f00000)]
  0x000002bc6c9d4690 JavaThread "Stdin handler" [_thread_blocked, id=21520, stack(0x000000d1d8f00000,0x000000d1d9000000)]
  0x000002bc6c9d2e80 JavaThread "Daemon client event forwarder" [_thread_blocked, id=22404, stack(0x000000d1d9000000,0x000000d1d9100000)]
  0x000002bc6c9d1b40 JavaThread "Cache worker for checksums cache (D:\NAM4-HK2\PTPMHDV\React-Native\FREELANCE\android\.gradle\7.5.1\checksums)" [_thread_blocked, id=21624, stack(0x000000d1d9100000,0x000000d1d9200000)]
  0x000002bc6c9d3350 JavaThread "Cache worker for cache directory md-rule (C:\Users\DELL\.gradle\caches\7.5.1\md-rule)" [_thread_blocked, id=17216, stack(0x000000d1d9200000,0x000000d1d9300000)]
  0x000002bc6c9d3cf0 JavaThread "Cache worker for file hash cache (D:\NAM4-HK2\PTPMHDV\React-Native\FREELANCE\android\.gradle\7.5.1\fileHashes)" [_thread_blocked, id=12092, stack(0x000000d1d9300000,0x000000d1d9400000)]
  0x000002bc6c9d41c0 JavaThread "Cache worker for cache directory md-supplier (C:\Users\DELL\.gradle\caches\7.5.1\md-supplier)" [_thread_blocked, id=16240, stack(0x000000d1d9500000,0x000000d1d9600000)]
  0x000002bc699b06d0 JavaThread "C2 CompilerThread1" daemon [_thread_in_native, id=5972, stack(0x000000d1d9900000,0x000000d1d9a00000)]

Other Threads:
  0x000002bc66d7bd30 VMThread "VM Thread" [stack: 0x000000d1d7600000,0x000000d1d7700000] [id=17432]
  0x000002bc6790ab20 WatcherThread [stack: 0x000000d1d8200000,0x000000d1d8300000] [id=22108]
  0x000002bc46c75ad0 GCTaskThread "GC Thread#0" [stack: 0x000000d1d7100000,0x000000d1d7200000] [id=7716]
  0x000002bc68ea6c80 GCTaskThread "GC Thread#1" [stack: 0x000000d1d8500000,0x000000d1d8600000] [id=22320]
  0x000002bc68339c80 GCTaskThread "GC Thread#2" [stack: 0x000000d1d8600000,0x000000d1d8700000] [id=22324]
  0x000002bc688626a0 GCTaskThread "GC Thread#3" [stack: 0x000000d1d8700000,0x000000d1d8800000] [id=22328]
  0x000002bc68862950 GCTaskThread "GC Thread#4" [stack: 0x000000d1d8800000,0x000000d1d8900000] [id=22332]
  0x000002bc68862c00 GCTaskThread "GC Thread#5" [stack: 0x000000d1d8900000,0x000000d1d8a00000] [id=22288]
  0x000002bc6bfd0a00 GCTaskThread "GC Thread#6" [stack: 0x000000d1d9e00000,0x000000d1d9f00000] [id=17256]
  0x000002bc6bfcf1d0 GCTaskThread "GC Thread#7" [stack: 0x000000d1d9f00000,0x000000d1da000000] [id=17260]
  0x000002bc46c877d0 ConcurrentGCThread "G1 Main Marker" [stack: 0x000000d1d7200000,0x000000d1d7300000] [id=3912]
  0x000002bc46c87f90 ConcurrentGCThread "G1 Conc#0" [stack: 0x000000d1d7300000,0x000000d1d7400000] [id=21780]
  0x000002bc6bfd04a0 ConcurrentGCThread "G1 Conc#1" [stack: 0x000000d1da000000,0x000000d1da100000] [id=21888]
  0x000002bc66c36500 ConcurrentGCThread "G1 Refine#0" [stack: 0x000000d1d7400000,0x000000d1d7500000] [id=21648]
  0x000002bc66c36cd0 ConcurrentGCThread "G1 Service" [stack: 0x000000d1d7500000,0x000000d1d7600000] [id=18960]

Threads with active compile tasks:
C2 CompilerThread0  1673251 10823   !   4       org.gradle.internal.service.DefaultServiceRegistry$ManagedObjectServiceProvider::getInstance (47 bytes)
C2 CompilerThread1  1673251 10835       4       org.gradle.internal.service.DefaultServiceRegistry$SingletonService::getService (18 bytes)

VM state: not at safepoint (normal execution)

VM Mutex/Monitor currently owned by a thread: None

Heap address: 0x0000000080000000, size: 2048 MB, Compressed Oops mode: 32-bit

CDS archive(s) mapped at: [0x0000000800000000-0x0000000800bc0000-0x0000000800bc0000), size 12320768, SharedBaseAddress: 0x0000000800000000, ArchiveRelocationMode: 0.
Compressed class space mapped at: 0x0000000800c00000-0x000000081a800000, reserved size: 432013312
Narrow klass base: 0x0000000800000000, Narrow klass shift: 0, Narrow klass range: 0x100000000

GC Precious Log:
 CPUs: 8 total, 8 available
 Memory: 16266M
 Large Page Support: Disabled
 NUMA Support: Disabled
 Compressed Oops: Enabled (32-bit)
 Heap Region Size: 1M
 Heap Min Capacity: 8M
 Heap Initial Capacity: 256M
 Heap Max Capacity: 2G
 Pre-touch: Disabled
 Parallel Workers: 8
 Concurrent Workers: 2
 Concurrent Refinement Workers: 8
 Periodic GC: Disabled

Heap:
 garbage-first heap   total 138240K, used 92828K [0x0000000080000000, 0x0000000100000000)
  region size 1024K, 14 young (14336K), 1 survivors (1024K)
 Metaspace       used 81302K, committed 82112K, reserved 495616K
  class space    used 11311K, committed 11712K, reserved 421888K

Heap Regions: E=young(eden), S=young(survivor), O=old, HS=humongous(starts), HC=humongous(continues), CS=collection set, F=free, OA=open archive, CA=closed archive, TAMS=top-at-mark-start (previous, next)
|   0|0x0000000080000000, 0x0000000080100000, 0x0000000080100000|100%| O|  |TAMS 0x0000000080100000, 0x0000000080000000| Untracked 
|   1|0x0000000080100000, 0x0000000080200000, 0x0000000080200000|100%| O|  |TAMS 0x0000000080200000, 0x0000000080100000| Untracked 
|   2|0x0000000080200000, 0x0000000080300000, 0x0000000080300000|100%| O|  |TAMS 0x0000000080300000, 0x0000000080200000| Untracked 
|   3|0x0000000080300000, 0x0000000080400000, 0x0000000080400000|100%|HS|  |TAMS 0x0000000080400000, 0x0000000080300000| Complete 
|   4|0x0000000080400000, 0x0000000080500000, 0x0000000080500000|100%|HC|  |TAMS 0x0000000080500000, 0x0000000080400000| Complete 
|   5|0x0000000080500000, 0x0000000080600000, 0x0000000080600000|100%|HC|  |TAMS 0x0000000080600000, 0x0000000080500000| Complete 
|   6|0x0000000080600000, 0x0000000080700000, 0x0000000080700000|100%| O|  |TAMS 0x0000000080700000, 0x0000000080600000| Untracked 
|   7|0x0000000080700000, 0x0000000080800000, 0x0000000080800000|100%| O|  |TAMS 0x0000000080800000, 0x0000000080700000| Untracked 
|   8|0x0000000080800000, 0x0000000080900000, 0x0000000080900000|100%| O|  |TAMS 0x0000000080900000, 0x0000000080800000| Untracked 
|   9|0x0000000080900000, 0x0000000080a00000, 0x0000000080a00000|100%| O|  |TAMS 0x0000000080a00000, 0x0000000080900000| Untracked 
|  10|0x0000000080a00000, 0x0000000080b00000, 0x0000000080b00000|100%| O|  |TAMS 0x0000000080a00000, 0x0000000080a00000| Untracked 
|  11|0x0000000080b00000, 0x0000000080c00000, 0x0000000080c00000|100%| O|  |TAMS 0x0000000080c00000, 0x0000000080b00000| Untracked 
|  12|0x0000000080c00000, 0x0000000080d00000, 0x0000000080d00000|100%| O|  |TAMS 0x0000000080d00000, 0x0000000080c00000| Untracked 
|  13|0x0000000080d00000, 0x0000000080e00000, 0x0000000080e00000|100%| O|  |TAMS 0x0000000080e00000, 0x0000000080d00000| Untracked 
|  14|0x0000000080e00000, 0x0000000080f00000, 0x0000000080f00000|100%| O|  |TAMS 0x0000000080f00000, 0x0000000080e00000| Untracked 
|  15|0x0000000080f00000, 0x0000000081000000, 0x0000000081000000|100%| O|  |TAMS 0x0000000081000000, 0x0000000080f00000| Untracked 
|  16|0x0000000081000000, 0x0000000081100000, 0x0000000081100000|100%| O|  |TAMS 0x0000000081100000, 0x0000000081000000| Untracked 
|  17|0x0000000081100000, 0x0000000081200000, 0x0000000081200000|100%| O|  |TAMS 0x0000000081200000, 0x0000000081100000| Untracked 
|  18|0x0000000081200000, 0x0000000081300000, 0x0000000081300000|100%| O|  |TAMS 0x0000000081300000, 0x0000000081200000| Untracked 
|  19|0x0000000081300000, 0x0000000081400000, 0x0000000081400000|100%| O|  |TAMS 0x0000000081400000, 0x0000000081300000| Untracked 
|  20|0x0000000081400000, 0x0000000081500000, 0x0000000081500000|100%| O|  |TAMS 0x0000000081500000, 0x0000000081400000| Untracked 
|  21|0x0000000081500000, 0x0000000081600000, 0x0000000081600000|100%| O|  |TAMS 0x0000000081600000, 0x0000000081500000| Untracked 
|  22|0x0000000081600000, 0x0000000081700000, 0x0000000081700000|100%| O|  |TAMS 0x0000000081700000, 0x0000000081600000| Untracked 
|  23|0x0000000081700000, 0x0000000081800000, 0x0000000081800000|100%| O|  |TAMS 0x0000000081800000, 0x0000000081700000| Untracked 
|  24|0x0000000081800000, 0x0000000081900000, 0x0000000081900000|100%| O|  |TAMS 0x0000000081900000, 0x0000000081800000| Untracked 
|  25|0x0000000081900000, 0x0000000081a00000, 0x0000000081a00000|100%| O|  |TAMS 0x0000000081a00000, 0x0000000081900000| Untracked 
|  26|0x0000000081a00000, 0x0000000081b00000, 0x0000000081b00000|100%|HS|  |TAMS 0x0000000081b00000, 0x0000000081a00000| Complete 
|  27|0x0000000081b00000, 0x0000000081c00000, 0x0000000081c00000|100%| O|  |TAMS 0x0000000081c00000, 0x0000000081b00000| Untracked 
|  28|0x0000000081c00000, 0x0000000081d00000, 0x0000000081d00000|100%| O|  |TAMS 0x0000000081d00000, 0x0000000081c00000| Untracked 
|  29|0x0000000081d00000, 0x0000000081e00000, 0x0000000081e00000|100%| O|  |TAMS 0x0000000081e00000, 0x0000000081d00000| Untracked 
|  30|0x0000000081e00000, 0x0000000081f00000, 0x0000000081f00000|100%| O|  |TAMS 0x0000000081f00000, 0x0000000081e00000| Untracked 
|  31|0x0000000081f00000, 0x0000000082000000, 0x0000000082000000|100%| O|  |TAMS 0x0000000082000000, 0x0000000081f00000| Untracked 
|  32|0x0000000082000000, 0x0000000082000000, 0x0000000082100000|  0%| F|  |TAMS 0x0000000082000000, 0x0000000082000000| Untracked 
|  33|0x0000000082100000, 0x0000000082200000, 0x0000000082200000|100%|HS|  |TAMS 0x0000000082200000, 0x0000000082100000| Complete 
|  34|0x0000000082200000, 0x0000000082300000, 0x0000000082300000|100%|HC|  |TAMS 0x0000000082300000, 0x0000000082200000| Complete 
|  35|0x0000000082300000, 0x0000000082400000, 0x0000000082400000|100%|HC|  |TAMS 0x0000000082400000, 0x0000000082300000| Complete 
|  36|0x0000000082400000, 0x0000000082500000, 0x0000000082500000|100%| O|  |TAMS 0x0000000082500000, 0x0000000082400000| Untracked 
|  37|0x0000000082500000, 0x0000000082600000, 0x0000000082600000|100%| O|  |TAMS 0x0000000082600000, 0x0000000082500000| Untracked 
|  38|0x0000000082600000, 0x0000000082700000, 0x0000000082700000|100%| O|  |TAMS 0x0000000082700000, 0x0000000082600000| Untracked 
|  39|0x0000000082700000, 0x0000000082800000, 0x0000000082800000|100%| O|  |TAMS 0x0000000082800000, 0x0000000082700000| Untracked 
|  40|0x0000000082800000, 0x0000000082900000, 0x0000000082900000|100%| O|  |TAMS 0x0000000082900000, 0x0000000082800000| Untracked 
|  41|0x0000000082900000, 0x0000000082a00000, 0x0000000082a00000|100%| O|  |TAMS 0x0000000082a00000, 0x0000000082900000| Untracked 
|  42|0x0000000082a00000, 0x0000000082b00000, 0x0000000082b00000|100%| O|  |TAMS 0x0000000082b00000, 0x0000000082a00000| Untracked 
|  43|0x0000000082b00000, 0x0000000082c00000, 0x0000000082c00000|100%| O|  |TAMS 0x0000000082c00000, 0x0000000082b00000| Untracked 
|  44|0x0000000082c00000, 0x0000000082d00000, 0x0000000082d00000|100%| O|  |TAMS 0x0000000082d00000, 0x0000000082c00000| Untracked 
|  45|0x0000000082d00000, 0x0000000082e00000, 0x0000000082e00000|100%| O|  |TAMS 0x0000000082e00000, 0x0000000082d00000| Untracked 
|  46|0x0000000082e00000, 0x0000000082f00000, 0x0000000082f00000|100%| O|  |TAMS 0x0000000082f00000, 0x0000000082e00000| Untracked 
|  47|0x0000000082f00000, 0x0000000083000000, 0x0000000083000000|100%| O|  |TAMS 0x0000000083000000, 0x0000000082f00000| Untracked 
|  48|0x0000000083000000, 0x0000000083100000, 0x0000000083100000|100%| O|  |TAMS 0x0000000083100000, 0x0000000083000000| Untracked 
|  49|0x0000000083100000, 0x0000000083200000, 0x0000000083200000|100%| O|  |TAMS 0x0000000083200000, 0x0000000083100000| Untracked 
|  50|0x0000000083200000, 0x0000000083300000, 0x0000000083300000|100%| O|  |TAMS 0x0000000083300000, 0x0000000083200000| Untracked 
|  51|0x0000000083300000, 0x0000000083400000, 0x0000000083400000|100%|HS|  |TAMS 0x0000000083400000, 0x0000000083300000| Complete 
|  52|0x0000000083400000, 0x0000000083500000, 0x0000000083500000|100%|HS|  |TAMS 0x0000000083500000, 0x0000000083400000| Complete 
|  53|0x0000000083500000, 0x0000000083600000, 0x0000000083600000|100%| O|  |TAMS 0x0000000083600000, 0x0000000083500000| Untracked 
|  54|0x0000000083600000, 0x0000000083700000, 0x0000000083700000|100%| O|  |TAMS 0x0000000083700000, 0x0000000083600000| Untracked 
|  55|0x0000000083700000, 0x0000000083800000, 0x0000000083800000|100%| O|  |TAMS 0x0000000083800000, 0x0000000083700000| Untracked 
|  56|0x0000000083800000, 0x0000000083900000, 0x0000000083900000|100%| O|  |TAMS 0x0000000083900000, 0x0000000083800000| Untracked 
|  57|0x0000000083900000, 0x0000000083a00000, 0x0000000083a00000|100%| O|  |TAMS 0x0000000083a00000, 0x0000000083900000| Untracked 
|  58|0x0000000083a00000, 0x0000000083b00000, 0x0000000083b00000|100%| O|  |TAMS 0x0000000083b00000, 0x0000000083a00000| Untracked 
|  59|0x0000000083b00000, 0x0000000083c00000, 0x0000000083c00000|100%| O|  |TAMS 0x0000000083c00000, 0x0000000083b00000| Untracked 
|  60|0x0000000083c00000, 0x0000000083d00000, 0x0000000083d00000|100%|HS|  |TAMS 0x0000000083d00000, 0x0000000083c00000| Complete 
|  61|0x0000000083d00000, 0x0000000083e00000, 0x0000000083e00000|100%|HC|  |TAMS 0x0000000083e00000, 0x0000000083d00000| Complete 
|  62|0x0000000083e00000, 0x0000000083f00000, 0x0000000083f00000|100%| O|  |TAMS 0x0000000083f00000, 0x0000000083e00000| Untracked 
|  63|0x0000000083f00000, 0x0000000084000000, 0x0000000084000000|100%| O|  |TAMS 0x0000000084000000, 0x0000000083f00000| Untracked 
|  64|0x0000000084000000, 0x0000000084100000, 0x0000000084100000|100%| O|  |TAMS 0x0000000084100000, 0x0000000084000000| Untracked 
|  65|0x0000000084100000, 0x0000000084200000, 0x0000000084200000|100%| O|  |TAMS 0x0000000084200000, 0x0000000084100000| Untracked 
|  66|0x0000000084200000, 0x0000000084300000, 0x0000000084300000|100%| O|  |TAMS 0x0000000084300000, 0x0000000084200000| Untracked 
|  67|0x0000000084300000, 0x0000000084400000, 0x0000000084400000|100%| O|  |TAMS 0x0000000084400000, 0x0000000084300000| Untracked 
|  68|0x0000000084400000, 0x0000000084500000, 0x0000000084500000|100%| O|  |TAMS 0x0000000084500000, 0x0000000084400000| Untracked 
|  69|0x0000000084500000, 0x0000000084600000, 0x0000000084600000|100%| O|  |TAMS 0x0000000084600000, 0x0000000084500000| Untracked 
|  70|0x0000000084600000, 0x0000000084700000, 0x0000000084700000|100%| O|  |TAMS 0x0000000084700000, 0x0000000084600000| Untracked 
|  71|0x0000000084700000, 0x0000000084800000, 0x0000000084800000|100%| O|  |TAMS 0x0000000084800000, 0x0000000084700000| Untracked 
|  72|0x0000000084800000, 0x0000000084900000, 0x0000000084900000|100%| O|  |TAMS 0x0000000084900000, 0x0000000084800000| Untracked 
|  73|0x0000000084900000, 0x0000000084a00000, 0x0000000084a00000|100%| O|  |TAMS 0x0000000084a00000, 0x0000000084900000| Untracked 
|  74|0x0000000084a00000, 0x0000000084b00000, 0x0000000084b00000|100%| O|  |TAMS 0x0000000084b00000, 0x0000000084a00000| Untracked 
|  75|0x0000000084b00000, 0x0000000084c00000, 0x0000000084c00000|100%| O|  |TAMS 0x0000000084c00000, 0x0000000084b00000| Untracked 
|  76|0x0000000084c00000, 0x0000000084d00000, 0x0000000084d00000|100%| O|  |TAMS 0x0000000084c85600, 0x0000000084c00000| Untracked 
|  77|0x0000000084d00000, 0x0000000084e00000, 0x0000000084e00000|100%| O|  |TAMS 0x0000000084d00000, 0x0000000084d00000| Untracked 
|  78|0x0000000084e00000, 0x0000000084f00000, 0x0000000084f00000|100%| O|  |TAMS 0x0000000084e00000, 0x0000000084e00000| Untracked 
|  79|0x0000000084f00000, 0x0000000084f47400, 0x0000000085000000| 27%| O|  |TAMS 0x0000000084f00000, 0x0000000084f00000| Untracked 
|  80|0x0000000085000000, 0x0000000085000000, 0x0000000085100000|  0%| F|  |TAMS 0x0000000085000000, 0x0000000085000000| Untracked 
|  81|0x0000000085100000, 0x0000000085100000, 0x0000000085200000|  0%| F|  |TAMS 0x0000000085100000, 0x0000000085100000| Untracked 
|  82|0x0000000085200000, 0x0000000085200000, 0x0000000085300000|  0%| F|  |TAMS 0x0000000085200000, 0x0000000085200000| Untracked 
|  83|0x0000000085300000, 0x0000000085300000, 0x0000000085400000|  0%| F|  |TAMS 0x0000000085300000, 0x0000000085300000| Untracked 
|  84|0x0000000085400000, 0x0000000085400000, 0x0000000085500000|  0%| F|  |TAMS 0x0000000085400000, 0x0000000085400000| Untracked 
|  85|0x0000000085500000, 0x0000000085500000, 0x0000000085600000|  0%| F|  |TAMS 0x0000000085500000, 0x0000000085500000| Untracked 
|  86|0x0000000085600000, 0x0000000085600000, 0x0000000085700000|  0%| F|  |TAMS 0x0000000085600000, 0x0000000085600000| Untracked 
|  87|0x0000000085700000, 0x0000000085700000, 0x0000000085800000|  0%| F|  |TAMS 0x0000000085700000, 0x0000000085700000| Untracked 
|  88|0x0000000085800000, 0x0000000085800000, 0x0000000085900000|  0%| F|  |TAMS 0x0000000085800000, 0x0000000085800000| Untracked 
|  89|0x0000000085900000, 0x0000000085900000, 0x0000000085a00000|  0%| F|  |TAMS 0x0000000085900000, 0x0000000085900000| Untracked 
|  90|0x0000000085a00000, 0x0000000085a00000, 0x0000000085b00000|  0%| F|  |TAMS 0x0000000085a00000, 0x0000000085a00000| Untracked 
|  91|0x0000000085b00000, 0x0000000085b00000, 0x0000000085c00000|  0%| F|  |TAMS 0x0000000085b00000, 0x0000000085b00000| Untracked 
|  92|0x0000000085c00000, 0x0000000085c00000, 0x0000000085d00000|  0%| F|  |TAMS 0x0000000085c00000, 0x0000000085c00000| Untracked 
|  93|0x0000000085d00000, 0x0000000085d00000, 0x0000000085e00000|  0%| F|  |TAMS 0x0000000085d00000, 0x0000000085d00000| Untracked 
|  94|0x0000000085e00000, 0x0000000085e00000, 0x0000000085f00000|  0%| F|  |TAMS 0x0000000085e00000, 0x0000000085e00000| Untracked 
|  95|0x0000000085f00000, 0x0000000085f00000, 0x0000000086000000|  0%| F|  |TAMS 0x0000000085f00000, 0x0000000085f00000| Untracked 
|  96|0x0000000086000000, 0x0000000086000000, 0x0000000086100000|  0%| F|  |TAMS 0x0000000086000000, 0x0000000086000000| Untracked 
|  97|0x0000000086100000, 0x0000000086100000, 0x0000000086200000|  0%| F|  |TAMS 0x0000000086100000, 0x0000000086100000| Untracked 
|  98|0x0000000086200000, 0x0000000086200000, 0x0000000086300000|  0%| F|  |TAMS 0x0000000086200000, 0x0000000086200000| Untracked 
|  99|0x0000000086300000, 0x0000000086300000, 0x0000000086400000|  0%| F|  |TAMS 0x0000000086300000, 0x0000000086300000| Untracked 
| 100|0x0000000086400000, 0x0000000086400000, 0x0000000086500000|  0%| F|  |TAMS 0x0000000086400000, 0x0000000086400000| Untracked 
| 101|0x0000000086500000, 0x0000000086500000, 0x0000000086600000|  0%| F|  |TAMS 0x0000000086500000, 0x0000000086500000| Untracked 
| 102|0x0000000086600000, 0x0000000086600000, 0x0000000086700000|  0%| F|  |TAMS 0x0000000086600000, 0x0000000086600000| Untracked 
| 103|0x0000000086700000, 0x0000000086700000, 0x0000000086800000|  0%| F|  |TAMS 0x0000000086700000, 0x0000000086700000| Untracked 
| 104|0x0000000086800000, 0x0000000086800000, 0x0000000086900000|  0%| F|  |TAMS 0x0000000086800000, 0x0000000086800000| Untracked 
| 105|0x0000000086900000, 0x0000000086900000, 0x0000000086a00000|  0%| F|  |TAMS 0x0000000086900000, 0x0000000086900000| Untracked 
| 106|0x0000000086a00000, 0x0000000086a00000, 0x0000000086b00000|  0%| F|  |TAMS 0x0000000086a00000, 0x0000000086a00000| Untracked 
| 107|0x0000000086b00000, 0x0000000086b00000, 0x0000000086c00000|  0%| F|  |TAMS 0x0000000086b00000, 0x0000000086b00000| Untracked 
| 108|0x0000000086c00000, 0x0000000086c00000, 0x0000000086d00000|  0%| F|  |TAMS 0x0000000086c00000, 0x0000000086c00000| Untracked 
| 109|0x0000000086d00000, 0x0000000086d00000, 0x0000000086e00000|  0%| F|  |TAMS 0x0000000086d00000, 0x0000000086d00000| Untracked 
| 110|0x0000000086e00000, 0x0000000086e00000, 0x0000000086f00000|  0%| F|  |TAMS 0x0000000086e00000, 0x0000000086e00000| Untracked 
| 111|0x0000000086f00000, 0x0000000086f00000, 0x0000000087000000|  0%| F|  |TAMS 0x0000000086f00000, 0x0000000086f00000| Untracked 
| 112|0x0000000087000000, 0x0000000087000000, 0x0000000087100000|  0%| F|  |TAMS 0x0000000087000000, 0x0000000087000000| Untracked 
| 113|0x0000000087100000, 0x0000000087100000, 0x0000000087200000|  0%| F|  |TAMS 0x0000000087100000, 0x0000000087100000| Untracked 
| 114|0x0000000087200000, 0x0000000087200000, 0x0000000087300000|  0%| F|  |TAMS 0x0000000087200000, 0x0000000087200000| Untracked 
| 115|0x0000000087300000, 0x0000000087300000, 0x0000000087400000|  0%| F|  |TAMS 0x0000000087300000, 0x0000000087300000| Untracked 
| 116|0x0000000087400000, 0x0000000087400000, 0x0000000087500000|  0%| F|  |TAMS 0x0000000087400000, 0x0000000087400000| Untracked 
| 117|0x0000000087500000, 0x0000000087500000, 0x0000000087600000|  0%| F|  |TAMS 0x0000000087500000, 0x0000000087500000| Untracked 
| 118|0x0000000087600000, 0x0000000087600000, 0x0000000087700000|  0%| F|  |TAMS 0x0000000087600000, 0x0000000087600000| Untracked 
| 119|0x0000000087700000, 0x0000000087700000, 0x0000000087800000|  0%| F|  |TAMS 0x0000000087700000, 0x0000000087700000| Untracked 
| 120|0x0000000087800000, 0x0000000087800000, 0x0000000087900000|  0%| F|  |TAMS 0x0000000087800000, 0x0000000087800000| Untracked 
| 121|0x0000000087900000, 0x0000000087989970, 0x0000000087a00000| 53%| E|  |TAMS 0x0000000087900000, 0x0000000087900000| Complete 
| 140|0x0000000088c00000, 0x0000000088d00000, 0x0000000088d00000|100%| E|CS|TAMS 0x0000000088c00000, 0x0000000088c00000| Complete 
| 141|0x0000000088d00000, 0x0000000088e00000, 0x0000000088e00000|100%| E|CS|TAMS 0x0000000088d00000, 0x0000000088d00000| Complete 
| 142|0x0000000088e00000, 0x0000000088f00000, 0x0000000088f00000|100%| E|CS|TAMS 0x0000000088e00000, 0x0000000088e00000| Complete 
| 143|0x0000000088f00000, 0x0000000089000000, 0x0000000089000000|100%| E|CS|TAMS 0x0000000088f00000, 0x0000000088f00000| Complete 
| 144|0x0000000089000000, 0x0000000089100000, 0x0000000089100000|100%| E|CS|TAMS 0x0000000089000000, 0x0000000089000000| Complete 
| 145|0x0000000089100000, 0x0000000089200000, 0x0000000089200000|100%| E|CS|TAMS 0x0000000089100000, 0x0000000089100000| Complete 
| 146|0x0000000089200000, 0x0000000089300000, 0x0000000089300000|100%| E|CS|TAMS 0x0000000089200000, 0x0000000089200000| Complete 
| 147|0x0000000089300000, 0x000000008935fd68, 0x0000000089400000| 37%| S|CS|TAMS 0x0000000089300000, 0x0000000089300000| Complete 
| 148|0x0000000089400000, 0x0000000089500000, 0x0000000089500000|100%| E|CS|TAMS 0x0000000089400000, 0x0000000089400000| Complete 
| 149|0x0000000089500000, 0x0000000089600000, 0x0000000089600000|100%| E|CS|TAMS 0x0000000089500000, 0x0000000089500000| Complete 
| 150|0x0000000089600000, 0x0000000089700000, 0x0000000089700000|100%| E|CS|TAMS 0x0000000089600000, 0x0000000089600000| Complete 
| 151|0x0000000089700000, 0x0000000089800000, 0x0000000089800000|100%| E|CS|TAMS 0x0000000089700000, 0x0000000089700000| Complete 
| 255|0x000000008ff00000, 0x0000000090000000, 0x0000000090000000|100%| E|CS|TAMS 0x000000008ff00000, 0x000000008ff00000| Complete 

Card table byte_map: [0x000002bc5fad0000,0x000002bc5fed0000] _byte_map_base: 0x000002bc5f6d0000

Marking Bits (Prev, Next): (CMBitMap*) 0x000002bc46c76ee0, (CMBitMap*) 0x000002bc46c76ea0
 Prev Bits: [0x000002bc622d0000, 0x000002bc642d0000)
 Next Bits: [0x000002bc602d0000, 0x000002bc622d0000)

Polling page: 0x000002bc46d10000

Metaspace:

Usage:
  Non-class:     68.35 MB used.
      Class:     11.05 MB used.
       Both:     79.40 MB used.

Virtual space:
  Non-class space:       72.00 MB reserved,      68.75 MB ( 95%) committed,  9 nodes.
      Class space:      412.00 MB reserved,      11.44 MB (  3%) committed,  1 nodes.
             Both:      484.00 MB reserved,      80.19 MB ( 17%) committed. 

Chunk freelists:
   Non-Class:  2.93 MB
       Class:  553.00 KB
        Both:  3.47 MB

MaxMetaspaceSize: 512.00 MB
CompressedClassSpaceSize: 412.00 MB
Initial GC threshold: 21.00 MB
Current GC threshold: 132.44 MB
CDS: on
MetaspaceReclaimPolicy: balanced
 - commit_granule_bytes: 65536.
 - commit_granule_words: 8192.
 - virtual_space_node_default_size: 1048576.
 - enlarge_chunks_in_place: 1.
 - new_chunks_are_fully_committed: 0.
 - uncommit_free_chunks: 1.
 - use_allocation_guard: 0.
 - handle_deallocations: 1.


Internal statistics:

num_allocs_failed_limit: 6.
num_arena_births: 910.
num_arena_deaths: 0.
num_vsnodes_births: 10.
num_vsnodes_deaths: 0.
num_space_committed: 1283.
num_space_uncommitted: 0.
num_chunks_returned_to_freelist: 6.
num_chunks_taken_from_freelist: 4215.
num_chunk_merges: 6.
num_chunk_splits: 2835.
num_chunks_enlarged: 1924.
num_purges: 0.
num_inconsistent_stats: 0.

CodeHeap 'non-profiled nmethods': size=120000Kb used=6077Kb max_used=6077Kb free=113922Kb
 bounds [0x000002bc57740000, 0x000002bc57d30000, 0x000002bc5ec70000]
CodeHeap 'profiled nmethods': size=120000Kb used=18496Kb max_used=18496Kb free=101503Kb
 bounds [0x000002bc50210000, 0x000002bc51430000, 0x000002bc57740000]
CodeHeap 'non-nmethods': size=5760Kb used=2398Kb max_used=2556Kb free=3361Kb
 bounds [0x000002bc4fc70000, 0x000002bc4ff00000, 0x000002bc50210000]
 total_blobs=10387 nmethods=9455 adapters=844
 compilation: enabled
              stopped_count=0, restarted_count=0
 full_count=0

Compilation events (20 events):
Event: 1672.824 Thread 0x000002bc66da0340 10827       3       org.gradle.internal.execution.fingerprint.impl.DefaultFileNormalizationSpec::hashCode (29 bytes)
Event: 1672.825 Thread 0x000002bc66da0340 nmethod 10827 0x000002bc5141ce90 code [0x000002bc5141d060, 0x000002bc5141d748]
Event: 1672.825 Thread 0x000002bc66da0340 10828       3       org.gradle.internal.event.DefaultListenerManager$EventBroadcast::buildAllWithLogger (57 bytes)
Event: 1672.825 Thread 0x000002bc699b06d0 nmethod 10813 0x000002bc57d20790 code [0x000002bc57d20920, 0x000002bc57d20b18]
Event: 1672.825 Thread 0x000002bc699b06d0 10822       4       org.gradle.internal.service.DefaultServiceRegistry$SingletonService::get (5 bytes)
Event: 1672.826 Thread 0x000002bc66da0340 nmethod 10828 0x000002bc5141d910 code [0x000002bc5141db60, 0x000002bc5141e848]
Event: 1672.826 Thread 0x000002bc66da0340 10829       1       org.gradle.internal.action.DefaultConfigurableRule::isCacheable (5 bytes)
Event: 1672.826 Thread 0x000002bc66da0340 nmethod 10829 0x000002bc57d20c10 code [0x000002bc57d20da0, 0x000002bc57d20e78]
Event: 1672.826 Thread 0x000002bc66da0340 10830       3       java.lang.System$2::defineClass (14 bytes)
Event: 1672.826 Thread 0x000002bc66da0340 nmethod 10830 0x000002bc5141ec90 code [0x000002bc5141ee40, 0x000002bc5141efa8]
Event: 1672.827 Thread 0x000002bc66da0340 10831       3       org.gradle.internal.instantiation.generator.DefaultInstantiationScheme::withServices (25 bytes)
Event: 1672.828 Thread 0x000002bc66da0340 nmethod 10831 0x000002bc5141f090 code [0x000002bc5141f240, 0x000002bc5141f408]
Event: 1672.828 Thread 0x000002bc66d9ea50 nmethod 10812 0x000002bc57d20f10 code [0x000002bc57d21160, 0x000002bc57d22750]
Event: 1672.829 Thread 0x000002bc66d9ea50 10823   !   4       org.gradle.internal.service.DefaultServiceRegistry$ManagedObjectServiceProvider::getInstance (47 bytes)
Event: 1672.830 Thread 0x000002bc66da0340 10833       3       jdk.internal.reflect.Label::add (23 bytes)
Event: 1672.830 Thread 0x000002bc66da0340 nmethod 10833 0x000002bc5141f510 code [0x000002bc5141f6c0, 0x000002bc5141fa28]
Event: 1672.830 Thread 0x000002bc66da0340 10834       3       jdk.internal.reflect.Label$PatchInfo::<init> (26 bytes)
Event: 1672.830 Thread 0x000002bc66da0340 nmethod 10834 0x000002bc5141fb90 code [0x000002bc5141fd20, 0x000002bc5141fef8]
Event: 1672.834 Thread 0x000002bc66da0340 10836       2       org.codehaus.groovy.reflection.ClassInfo::getClassInfo (13 bytes)
Event: 1672.834 Thread 0x000002bc66da0340 nmethod 10836 0x000002bc5141ff90 code [0x000002bc51420120, 0x000002bc51420268]

GC Heap History (20 events):
Event: 17.806 GC heap before
{Heap before GC invocations=33 (full 0):
 garbage-first heap   total 135168K, used 77575K [0x0000000080000000, 0x0000000100000000)
  region size 1024K, 11 young (11264K), 2 survivors (2048K)
 Metaspace       used 68455K, committed 69120K, reserved 487424K
  class space    used 9439K, committed 9728K, reserved 421888K
}
Event: 17.810 GC heap after
{Heap after GC invocations=34 (full 0):
 garbage-first heap   total 135168K, used 71783K [0x0000000080000000, 0x0000000100000000)
  region size 1024K, 4 young (4096K), 4 survivors (4096K)
 Metaspace       used 68455K, committed 69120K, reserved 487424K
  class space    used 9439K, committed 9728K, reserved 421888K
}
Event: 18.310 GC heap before
{Heap before GC invocations=35 (full 0):
 garbage-first heap   total 135168K, used 100455K [0x0000000080000000, 0x0000000100000000)
  region size 1024K, 30 young (30720K), 4 survivors (4096K)
 Metaspace       used 70723K, committed 71360K, reserved 487424K
  class space    used 9733K, committed 10048K, reserved 421888K
}
Event: 18.313 GC heap after
{Heap after GC invocations=36 (full 0):
 garbage-first heap   total 135168K, used 68940K [0x0000000080000000, 0x0000000100000000)
  region size 1024K, 2 young (2048K), 2 survivors (2048K)
 Metaspace       used 70723K, committed 71360K, reserved 487424K
  class space    used 9733K, committed 10048K, reserved 421888K
}
Event: 18.482 GC heap before
{Heap before GC invocations=36 (full 0):
 garbage-first heap   total 135168K, used 77132K [0x0000000080000000, 0x0000000100000000)
  region size 1024K, 12 young (12288K), 2 survivors (2048K)
 Metaspace       used 71652K, committed 72256K, reserved 487424K
  class space    used 9827K, committed 10112K, reserved 421888K
}
Event: 18.485 GC heap after
{Heap after GC invocations=37 (full 0):
 garbage-first heap   total 135168K, used 69582K [0x0000000080000000, 0x0000000100000000)
  region size 1024K, 3 young (3072K), 3 survivors (3072K)
 Metaspace       used 71652K, committed 72256K, reserved 487424K
  class space    used 9827K, committed 10112K, reserved 421888K
}
Event: 19.142 GC heap before
{Heap before GC invocations=38 (full 0):
 garbage-first heap   total 135168K, used 102350K [0x0000000080000000, 0x0000000100000000)
  region size 1024K, 34 young (34816K), 3 survivors (3072K)
 Metaspace       used 72781K, committed 73472K, reserved 487424K
  class space    used 10013K, committed 10304K, reserved 421888K
}
Event: 19.147 GC heap after
{Heap after GC invocations=39 (full 0):
 garbage-first heap   total 135168K, used 71985K [0x0000000080000000, 0x0000000100000000)
  region size 1024K, 5 young (5120K), 5 survivors (5120K)
 Metaspace       used 72781K, committed 73472K, reserved 487424K
  class space    used 10013K, committed 10304K, reserved 421888K
}
Event: 21.964 GC heap before
{Heap before GC invocations=39 (full 0):
 garbage-first heap   total 135168K, used 103729K [0x0000000080000000, 0x0000000100000000)
  region size 1024K, 36 young (36864K), 5 survivors (5120K)
 Metaspace       used 74039K, committed 74752K, reserved 487424K
  class space    used 10189K, committed 10496K, reserved 421888K
}
Event: 21.971 GC heap after
{Heap after GC invocations=40 (full 0):
 garbage-first heap   total 135168K, used 75212K [0x0000000080000000, 0x0000000100000000)
  region size 1024K, 4 young (4096K), 4 survivors (4096K)
 Metaspace       used 74039K, committed 74752K, reserved 487424K
  class space    used 10189K, committed 10496K, reserved 421888K
}
Event: 22.543 GC heap before
{Heap before GC invocations=41 (full 0):
 garbage-first heap   total 137216K, used 105932K [0x0000000080000000, 0x0000000100000000)
  region size 1024K, 34 young (34816K), 4 survivors (4096K)
 Metaspace       used 77751K, committed 78464K, reserved 495616K
  class space    used 10873K, committed 11200K, reserved 421888K
}
Event: 22.547 GC heap after
{Heap after GC invocations=42 (full 0):
 garbage-first heap   total 137216K, used 77297K [0x0000000080000000, 0x0000000100000000)
  region size 1024K, 3 young (3072K), 3 survivors (3072K)
 Metaspace       used 77751K, committed 78464K, reserved 495616K
  class space    used 10873K, committed 11200K, reserved 421888K
}
Event: 22.654 GC heap before
{Heap before GC invocations=42 (full 0):
 garbage-first heap   total 137216K, used 80369K [0x0000000080000000, 0x0000000100000000)
  region size 1024K, 6 young (6144K), 3 survivors (3072K)
 Metaspace       used 78017K, committed 78656K, reserved 495616K
  class space    used 10906K, committed 11200K, reserved 421888K
}
Event: 22.657 GC heap after
{Heap after GC invocations=43 (full 0):
 garbage-first heap   total 137216K, used 77810K [0x0000000080000000, 0x0000000100000000)
  region size 1024K, 1 young (1024K), 1 survivors (1024K)
 Metaspace       used 78017K, committed 78656K, reserved 495616K
  class space    used 10906K, committed 11200K, reserved 421888K
}
Event: 23.174 GC heap before
{Heap before GC invocations=43 (full 0):
 garbage-first heap   total 137216K, used 109554K [0x0000000080000000, 0x0000000100000000)
  region size 1024K, 32 young (32768K), 1 survivors (1024K)
 Metaspace       used 80331K, committed 81024K, reserved 495616K
  class space    used 11240K, committed 11584K, reserved 421888K
}
Event: 23.177 GC heap after
{Heap after GC invocations=44 (full 0):
 garbage-first heap   total 137216K, used 80291K [0x0000000080000000, 0x0000000100000000)
  region size 1024K, 3 young (3072K), 3 survivors (3072K)
 Metaspace       used 80331K, committed 81024K, reserved 495616K
  class space    used 11240K, committed 11584K, reserved 421888K
}
Event: 997.139 GC heap before
{Heap before GC invocations=45 (full 0):
 garbage-first heap   total 138240K, used 109987K [0x0000000080000000, 0x0000000100000000)
  region size 1024K, 33 young (33792K), 3 survivors (3072K)
 Metaspace       used 81187K, committed 81984K, reserved 495616K
  class space    used 11305K, committed 11712K, reserved 421888K
}
Event: 997.149 GC heap after
{Heap after GC invocations=46 (full 0):
 garbage-first heap   total 138240K, used 80863K [0x0000000080000000, 0x0000000100000000)
  region size 1024K, 1 young (1024K), 1 survivors (1024K)
 Metaspace       used 81187K, committed 81984K, reserved 495616K
  class space    used 11305K, committed 11712K, reserved 421888K
}
Event: 1222.663 GC heap before
{Heap before GC invocations=46 (full 0):
 garbage-first heap   total 138240K, used 85983K [0x0000000080000000, 0x0000000100000000)
  region size 1024K, 6 young (6144K), 1 survivors (1024K)
 Metaspace       used 81210K, committed 81984K, reserved 495616K
  class space    used 11305K, committed 11712K, reserved 421888K
}
Event: 1222.665 GC heap after
{Heap after GC invocations=47 (full 0):
 garbage-first heap   total 138240K, used 80540K [0x0000000080000000, 0x0000000100000000)
  region size 1024K, 1 young (1024K), 1 survivors (1024K)
 Metaspace       used 81210K, committed 81984K, reserved 495616K
  class space    used 11305K, committed 11712K, reserved 421888K
}

Deoptimization events (20 events):
Event: 1672.823 Thread 0x000002bc6c9d3820 Uncommon trap: trap_request=0xffffff45 fr.pc=0x000002bc5792bd18 relative=0x0000000000000078
Event: 1672.823 Thread 0x000002bc6c9d3820 Uncommon trap: reason=unstable_if action=reinterpret pc=0x000002bc5792bd18 method=com.google.common.math.IntMath.log2(ILjava/math/RoundingMode;)I @ 15 c2
Event: 1672.823 Thread 0x000002bc6c9d3820 DEOPT PACKING pc=0x000002bc5792bd18 sp=0x000000d1d8df8ca0
Event: 1672.823 Thread 0x000002bc6c9d3820 DEOPT UNPACKING pc=0x000002bc4fcc23a3 sp=0x000000d1d8df8c28 mode 2
Event: 1672.824 Thread 0x000002bc6c9d3820 Uncommon trap: trap_request=0xffffffc6 fr.pc=0x000002bc57ccf7b4 relative=0x00000000000009d4
Event: 1672.824 Thread 0x000002bc6c9d3820 Uncommon trap: reason=bimorphic_or_optimized_type_check action=maybe_recompile pc=0x000002bc57ccf7b4 method=java.util.stream.ReferencePipeline$7$1.accept(Ljava/lang/Object;)V @ 8 c2
Event: 1672.824 Thread 0x000002bc6c9d3820 DEOPT PACKING pc=0x000002bc57ccf7b4 sp=0x000000d1d8df8f10
Event: 1672.824 Thread 0x000002bc6c9d3820 DEOPT UNPACKING pc=0x000002bc4fcc23a3 sp=0x000000d1d8df8eb0 mode 2
Event: 1672.824 Thread 0x000002bc6c9d3820 Uncommon trap: trap_request=0xffffffc6 fr.pc=0x000002bc57ccf7b4 relative=0x00000000000009d4
Event: 1672.824 Thread 0x000002bc6c9d3820 Uncommon trap: reason=bimorphic_or_optimized_type_check action=maybe_recompile pc=0x000002bc57ccf7b4 method=java.util.stream.ReferencePipeline$7$1.accept(Ljava/lang/Object;)V @ 8 c2
Event: 1672.824 Thread 0x000002bc6c9d3820 DEOPT PACKING pc=0x000002bc57ccf7b4 sp=0x000000d1d8df8c30
Event: 1672.824 Thread 0x000002bc6c9d3820 DEOPT UNPACKING pc=0x000002bc4fcc23a3 sp=0x000000d1d8df8bd0 mode 2
Event: 1672.824 Thread 0x000002bc6c9d3820 Uncommon trap: trap_request=0xffffffc6 fr.pc=0x000002bc57ccf7b4 relative=0x00000000000009d4
Event: 1672.824 Thread 0x000002bc6c9d3820 Uncommon trap: reason=bimorphic_or_optimized_type_check action=maybe_recompile pc=0x000002bc57ccf7b4 method=java.util.stream.ReferencePipeline$7$1.accept(Ljava/lang/Object;)V @ 8 c2
Event: 1672.824 Thread 0x000002bc6c9d3820 DEOPT PACKING pc=0x000002bc57ccf7b4 sp=0x000000d1d8df8950
Event: 1672.824 Thread 0x000002bc6c9d3820 DEOPT UNPACKING pc=0x000002bc4fcc23a3 sp=0x000000d1d8df88f0 mode 2
Event: 1672.824 Thread 0x000002bc6c9d3820 Uncommon trap: trap_request=0xffffffc6 fr.pc=0x000002bc57ccf7b4 relative=0x00000000000009d4
Event: 1672.824 Thread 0x000002bc6c9d3820 Uncommon trap: reason=bimorphic_or_optimized_type_check action=maybe_recompile pc=0x000002bc57ccf7b4 method=java.util.stream.ReferencePipeline$7$1.accept(Ljava/lang/Object;)V @ 8 c2
Event: 1672.824 Thread 0x000002bc6c9d3820 DEOPT PACKING pc=0x000002bc57ccf7b4 sp=0x000000d1d8df8950
Event: 1672.824 Thread 0x000002bc6c9d3820 DEOPT UNPACKING pc=0x000002bc4fcc23a3 sp=0x000000d1d8df88f0 mode 2

Classes unloaded (0 events):
No events

Classes redefined (0 events):
No events

Internal exceptions (20 events):
Event: 22.771 Thread 0x000002bc688d89d0 Exception <a 'java/lang/ClassNotFoundException'{0x00000000890cdf78}: com/android/build/gradle/internal/api/BaseVariantImplCustomizer> (0x00000000890cdf78) 
thrown [t:\workspace\open\src\hotspot\share\classfile\systemDictionary.cpp, line 256]
Event: 22.773 Thread 0x000002bc688d89d0 Exception <a 'java/lang/ClassNotFoundException'{0x0000000088f20118}: com/android/build/gradle/internal/api/AndroidArtifactVariantImplCustomizer> (0x0000000088f20118) 
thrown [t:\workspace\open\src\hotspot\share\classfile\systemDictionary.cpp, line 256]
Event: 22.775 Thread 0x000002bc688d89d0 Exception <a 'java/lang/ClassNotFoundException'{0x0000000088f42fe8}: com/android/build/gradle/internal/api/InstallableVariantImplCustomizer> (0x0000000088f42fe8) 
thrown [t:\workspace\open\src\hotspot\share\classfile\systemDictionary.cpp, line 256]
Event: 22.776 Thread 0x000002bc688d89d0 Exception <a 'java/lang/ClassNotFoundException'{0x0000000088f6a988}: com/android/build/gradle/internal/api/ApkVariantImplCustomizer> (0x0000000088f6a988) 
thrown [t:\workspace\open\src\hotspot\share\classfile\systemDictionary.cpp, line 256]
Event: 22.778 Thread 0x000002bc688d89d0 Exception <a 'java/lang/ClassNotFoundException'{0x0000000088f93d88}: com/android/build/gradle/internal/api/ApplicationVariantImplCustomizer> (0x0000000088f93d88) 
thrown [t:\workspace\open\src\hotspot\share\classfile\systemDictionary.cpp, line 256]
Event: 22.781 Thread 0x000002bc688d89d0 Exception <a 'java/lang/ClassNotFoundException'{0x0000000088fbc7a0}: com/android/build/gradle/internal/api/ApplicationVariantImpl_DecoratedCustomizer> (0x0000000088fbc7a0) 
thrown [t:\workspace\open\src\hotspot\share\classfile\systemDictionary.cpp, line 256]
Event: 22.789 Thread 0x000002bc688d89d0 Exception <a 'java/lang/ClassNotFoundException'{0x0000000088e803e0}: com/android/build/OutputFileBeanInfo> (0x0000000088e803e0) 
thrown [t:\workspace\open\src\hotspot\share\classfile\systemDictionary.cpp, line 256]
Event: 22.790 Thread 0x000002bc688d89d0 Exception <a 'java/lang/ClassNotFoundException'{0x0000000088e8e880}: com/android/build/OutputFileCustomizer> (0x0000000088e8e880) 
thrown [t:\workspace\open\src\hotspot\share\classfile\systemDictionary.cpp, line 256]
Event: 22.836 Thread 0x000002bc688d89d0 Exception <a 'java/lang/NoClassDefFoundError'{0x00000000878378a8}: org/jetbrains/kotlin/gradle/plugin/KotlinBasePluginWrapper> (0x00000000878378a8) 
thrown [t:\workspace\open\src\hotspot\share\classfile\systemDictionary.cpp, line 245]
Event: 22.865 Thread 0x000002bc688d89d0 Implicit null exception at 0x000002bc577d15e0 to 0x000002bc577d167c
Event: 23.095 Thread 0x000002bc688d89d0 Exception <a 'sun/nio/fs/WindowsException'{0x000000008686aa70}> (0x000000008686aa70) 
thrown [t:\workspace\open\src\hotspot\share\prims\jni.cpp, line 516]
Event: 23.338 Thread 0x000002bc6992c040 Exception <a 'java/lang/NoSuchMethodError'{0x000000008949d9e0}: static Lorg/gradle/tooling/internal/provider/serialization/ClassLoaderDetails;.<clinit>()V> (0x000000008949d9e0) 
thrown [t:\workspace\open\src\hotspot\share\prims\jni.cpp, line 1107]
Event: 23.340 Thread 0x000002bc6992c040 Exception <a 'java/lang/NoSuchMethodError'{0x00000000894add08}: static Lorg/gradle/tooling/internal/provider/serialization/WellKnownClassLoaderRegistry$KnownClassLoaderSpec;.<clinit>()V> (0x00000000894add08) 
thrown [t:\workspace\open\src\hotspot\share\prims\jni.cpp, line 1107]
Event: 23.340 Thread 0x000002bc6992c040 Exception <a 'java/lang/NoSuchMethodError'{0x00000000894af380}: static Lorg/gradle/internal/classloader/ClassLoaderSpec;.<clinit>()V> (0x00000000894af380) 
thrown [t:\workspace\open\src\hotspot\share\prims\jni.cpp, line 1107]
Event: 23.341 Thread 0x000002bc6992c040 Exception <a 'java/lang/NoSuchMethodError'{0x00000000894c13a0}: static Lorg/gradle/internal/classloader/ClassLoaderSpec;.<clinit>()V> (0x00000000894c13a0) 
thrown [t:\workspace\open\src\hotspot\share\prims\jni.cpp, line 1107]
Event: 23.341 Thread 0x000002bc6992c040 Exception <a 'java/lang/NoSuchMethodError'{0x00000000894ccfb8}: static Lorg/gradle/internal/classloader/VisitableURLClassLoader$Spec;.<clinit>()V> (0x00000000894ccfb8) 
thrown [t:\workspace\open\src\hotspot\share\prims\jni.cpp, line 1107]
Event: 23.345 Thread 0x000002bc6992c040 Exception <a 'java/lang/NoSuchMethodError'{0x00000000894ef528}: static [Ljava/net/URL;.<clinit>()V> (0x00000000894ef528) 
thrown [t:\workspace\open\src\hotspot\share\prims\jni.cpp, line 1107]
Event: 23.348 Thread 0x000002bc6992c040 Exception <a 'java/lang/NoSuchMethodError'{0x0000000089309d08}: static Lorg/gradle/internal/classloader/FilteringClassLoader$Spec;.<clinit>()V> (0x0000000089309d08) 
thrown [t:\workspace\open\src\hotspot\share\prims\jni.cpp, line 1107]
Event: 23.355 Thread 0x000002bc6992c040 Exception <a 'java/lang/NoSuchMethodError'{0x0000000089321448}: static Lorg/gradle/internal/classloader/CachingClassLoader$Spec;.<clinit>()V> (0x0000000089321448) 
thrown [t:\workspace\open\src\hotspot\share\prims\jni.cpp, line 1107]
Event: 256.626 Thread 0x000002bc698343d0 Implicit null exception at 0x000002bc5779e603 to 0x000002bc5779e7dc

VM Operations (20 events):
Event: 1353.778 Executing VM operation: Cleanup
Event: 1353.778 Executing VM operation: Cleanup done
Event: 1362.835 Executing VM operation: Cleanup
Event: 1362.835 Executing VM operation: Cleanup done
Event: 1423.289 Executing VM operation: Cleanup
Event: 1423.289 Executing VM operation: Cleanup done
Event: 1543.238 Executing VM operation: Cleanup
Event: 1543.239 Executing VM operation: Cleanup done
Event: 1545.257 Executing VM operation: Cleanup
Event: 1545.257 Executing VM operation: Cleanup done
Event: 1586.550 Executing VM operation: Cleanup
Event: 1586.550 Executing VM operation: Cleanup done
Event: 1602.678 Executing VM operation: Cleanup
Event: 1602.678 Executing VM operation: Cleanup done
Event: 1608.730 Executing VM operation: Cleanup
Event: 1608.730 Executing VM operation: Cleanup done
Event: 1662.783 Executing VM operation: HandshakeAllThreads
Event: 1662.783 Executing VM operation: HandshakeAllThreads done
Event: 1672.861 Executing VM operation: Cleanup
Event: 1672.861 Executing VM operation: Cleanup done

Events (20 events):
Event: 26.134 Thread 0x000002bc699af290 Thread exited: 0x000002bc699af290
Event: 32.654 loading class jdk/internal/access/foreign/MemorySegmentProxy
Event: 32.654 loading class jdk/internal/access/foreign/MemorySegmentProxy done
Event: 76.396 Thread 0x000002bc6e694bd0 Thread exited: 0x000002bc6e694bd0
Event: 83.334 Thread 0x000002bc688d89d0 Thread exited: 0x000002bc688d89d0
Event: 83.425 Thread 0x000002bc6992c040 Thread exited: 0x000002bc6992c040
Event: 1585.596 Thread 0x000002bc6c9d3cf0 Thread added: 0x000002bc6c9d3cf0
Event: 1648.242 Thread 0x000002bc6c9d3cf0 Thread exited: 0x000002bc6c9d3cf0
Event: 1672.674 Thread 0x000002bc6c9d0cd0 Thread added: 0x000002bc6c9d0cd0
Event: 1672.674 Thread 0x000002bc6c9d2010 Thread added: 0x000002bc6c9d2010
Event: 1672.763 Thread 0x000002bc6c9d5ea0 Thread added: 0x000002bc6c9d5ea0
Event: 1672.768 Thread 0x000002bc6c9d3820 Thread added: 0x000002bc6c9d3820
Event: 1672.775 Thread 0x000002bc6c9d4b60 Thread added: 0x000002bc6c9d4b60
Event: 1672.777 Thread 0x000002bc6c9d4690 Thread added: 0x000002bc6c9d4690
Event: 1672.778 Thread 0x000002bc6c9d2e80 Thread added: 0x000002bc6c9d2e80
Event: 1672.806 Thread 0x000002bc6c9d1b40 Thread added: 0x000002bc6c9d1b40
Event: 1672.810 Thread 0x000002bc6c9d3350 Thread added: 0x000002bc6c9d3350
Event: 1672.813 Thread 0x000002bc6c9d3cf0 Thread added: 0x000002bc6c9d3cf0
Event: 1672.818 Thread 0x000002bc6c9d41c0 Thread added: 0x000002bc6c9d41c0
Event: 1672.821 Thread 0x000002bc699b06d0 Thread added: 0x000002bc699b06d0


Dynamic libraries:
0x00007ff709a10000 - 0x00007ff709a20000 	C:\Program Files\Java\jdk-17.0.2\bin\java.exe
0x00007ffa57490000 - 0x00007ffa57688000 	C:\WINDOWS\SYSTEM32\ntdll.dll
0x00007ffa55c90000 - 0x00007ffa55d4f000 	C:\WINDOWS\System32\KERNEL32.DLL
0x00007ffa54f20000 - 0x00007ffa551fa000 	C:\WINDOWS\System32\KERNELBASE.dll
0x00007ffa552b0000 - 0x00007ffa553b0000 	C:\WINDOWS\System32\ucrtbase.dll
0x00007ff9cdce0000 - 0x00007ff9cdcfa000 	C:\Program Files\Java\jdk-17.0.2\bin\VCRUNTIME140.dll
0x00007ff9c0f10000 - 0x00007ff9c0f28000 	C:\Program Files\Java\jdk-17.0.2\bin\jli.dll
0x00007ffa56a90000 - 0x00007ffa56b3e000 	C:\WINDOWS\System32\ADVAPI32.dll
0x00007ffa554f0000 - 0x00007ffa5558e000 	C:\WINDOWS\System32\msvcrt.dll
0x00007ffa55590000 - 0x00007ffa5562c000 	C:\WINDOWS\System32\sechost.dll
0x00007ffa57320000 - 0x00007ffa57446000 	C:\WINDOWS\System32\RPCRT4.dll
0x00007ffa55d50000 - 0x00007ffa55eed000 	C:\WINDOWS\System32\USER32.dll
0x00007ffa3e6b0000 - 0x00007ffa3e94a000 	C:\WINDOWS\WinSxS\amd64_microsoft.windows.common-controls_6595b64144ccf1df_6.0.19041.1110_none_60b5254171f9507e\COMCTL32.dll
0x00007ffa54ba0000 - 0x00007ffa54bc2000 	C:\WINDOWS\System32\win32u.dll
0x00007ffa56a50000 - 0x00007ffa56a7b000 	C:\WINDOWS\System32\GDI32.dll
0x00007ffa54dc0000 - 0x00007ffa54ed0000 	C:\WINDOWS\System32\gdi32full.dll
0x00007ffa553b0000 - 0x00007ffa5544d000 	C:\WINDOWS\System32\msvcp_win.dll
0x00007ffa4f710000 - 0x00007ffa4f71a000 	C:\WINDOWS\SYSTEM32\VERSION.dll
0x00007ffa572f0000 - 0x00007ffa57320000 	C:\WINDOWS\System32\IMM32.DLL
0x00007ffa34380000 - 0x00007ffa3438c000 	C:\Program Files\Java\jdk-17.0.2\bin\vcruntime140_1.dll
0x00007ff9c0920000 - 0x00007ff9c09ad000 	C:\Program Files\Java\jdk-17.0.2\bin\msvcp140.dll
0x00007ff9bfd50000 - 0x00007ff9c0911000 	C:\Program Files\Java\jdk-17.0.2\bin\server\jvm.dll
0x00007ffa55630000 - 0x00007ffa55638000 	C:\WINDOWS\System32\PSAPI.DLL
0x00007ffa3e3f0000 - 0x00007ffa3e3f9000 	C:\WINDOWS\SYSTEM32\WSOCK32.dll
0x00007ffa42210000 - 0x00007ffa42237000 	C:\WINDOWS\SYSTEM32\WINMM.dll
0x00007ffa56690000 - 0x00007ffa566fb000 	C:\WINDOWS\System32\WS2_32.dll
0x00007ffa52a60000 - 0x00007ffa52a72000 	C:\WINDOWS\SYSTEM32\kernel.appcore.dll
0x00007ff9c0f00000 - 0x00007ff9c0f0a000 	C:\Program Files\Java\jdk-17.0.2\bin\jimage.dll
0x00007ffa4b3b0000 - 0x00007ffa4b594000 	C:\WINDOWS\SYSTEM32\DBGHELP.DLL
0x00007ffa3bfe0000 - 0x00007ffa3c014000 	C:\WINDOWS\SYSTEM32\dbgcore.DLL
0x00007ffa54d30000 - 0x00007ffa54db2000 	C:\WINDOWS\System32\bcryptPrimitives.dll
0x00007ff9c0e80000 - 0x00007ff9c0ea5000 	C:\Program Files\Java\jdk-17.0.2\bin\java.dll
0x00007ff9bfc70000 - 0x00007ff9bfd46000 	C:\Program Files\Java\jdk-17.0.2\bin\jsvml.dll
0x00007ffa56b40000 - 0x00007ffa57284000 	C:\WINDOWS\System32\SHELL32.dll
0x00007ffa52c60000 - 0x00007ffa533f3000 	C:\WINDOWS\SYSTEM32\windows.storage.dll
0x00007ffa55850000 - 0x00007ffa55ba4000 	C:\WINDOWS\System32\combase.dll
0x00007ffa54600000 - 0x00007ffa5462e000 	C:\WINDOWS\SYSTEM32\Wldp.dll
0x00007ffa557a0000 - 0x00007ffa5584d000 	C:\WINDOWS\System32\SHCORE.dll
0x00007ffa57290000 - 0x00007ffa572e5000 	C:\WINDOWS\System32\shlwapi.dll
0x00007ffa54ae0000 - 0x00007ffa54aff000 	C:\WINDOWS\SYSTEM32\profapi.dll
0x00007ff9c0e60000 - 0x00007ff9c0e79000 	C:\Program Files\Java\jdk-17.0.2\bin\net.dll
0x00007ffa4dcb0000 - 0x00007ffa4ddba000 	C:\WINDOWS\SYSTEM32\WINHTTP.dll
0x00007ffa54360000 - 0x00007ffa543ca000 	C:\WINDOWS\system32\mswsock.dll
0x00007ff9bfc50000 - 0x00007ff9bfc66000 	C:\Program Files\Java\jdk-17.0.2\bin\nio.dll
0x00007ff9bfc30000 - 0x00007ff9bfc48000 	C:\Program Files\Java\jdk-17.0.2\bin\zip.dll
0x00007ff9c0ef0000 - 0x00007ff9c0f00000 	C:\Program Files\Java\jdk-17.0.2\bin\verify.dll
0x00007ff9c0f30000 - 0x00007ff9c0f57000 	C:\Users\DELL\.gradle\native\e1d6ef7f7dcc3fd88c89a11ec53ec762bb8ba0a96d01ffa2cd45eb1d1d8dd5c5\windows-amd64\native-platform.dll
0x00007ff9bfae0000 - 0x00007ff9bfc24000 	C:\Users\DELL\.gradle\native\0d407fdbe67a94daf76414ababcb853783967236a71b16ec16e742cd7a986fd3\windows-amd64\native-platform-file-events.dll
0x00007ff9bfad0000 - 0x00007ff9bfad9000 	C:\Program Files\Java\jdk-17.0.2\bin\management.dll
0x00007ff9bfac0000 - 0x00007ff9bfacb000 	C:\Program Files\Java\jdk-17.0.2\bin\management_ext.dll
0x00007ffa54560000 - 0x00007ffa54578000 	C:\WINDOWS\SYSTEM32\CRYPTSP.dll
0x00007ffa53c10000 - 0x00007ffa53c44000 	C:\WINDOWS\system32\rsaenh.dll
0x00007ffa55450000 - 0x00007ffa55477000 	C:\WINDOWS\System32\bcrypt.dll
0x00007ffa54aa0000 - 0x00007ffa54ace000 	C:\WINDOWS\SYSTEM32\USERENV.dll
0x00007ffa54550000 - 0x00007ffa5455c000 	C:\WINDOWS\SYSTEM32\CRYPTBASE.dll
0x00007ffa54000000 - 0x00007ffa5403c000 	C:\WINDOWS\SYSTEM32\IPHLPAPI.DLL
0x00007ffa55ef0000 - 0x00007ffa55ef8000 	C:\WINDOWS\System32\NSI.dll
0x00007ffa4e230000 - 0x00007ffa4e247000 	C:\WINDOWS\SYSTEM32\dhcpcsvc6.DLL
0x00007ffa4e110000 - 0x00007ffa4e12d000 	C:\WINDOWS\SYSTEM32\dhcpcsvc.DLL
0x00007ffa54050000 - 0x00007ffa5411b000 	C:\WINDOWS\SYSTEM32\DNSAPI.dll
0x00007ff9bfaa0000 - 0x00007ff9bfaae000 	C:\Program Files\Java\jdk-17.0.2\bin\sunmscapi.dll
0x00007ffa54bd0000 - 0x00007ffa54d26000 	C:\WINDOWS\System32\CRYPT32.dll
0x00007ffa54670000 - 0x00007ffa54698000 	C:\WINDOWS\SYSTEM32\ncrypt.dll
0x00007ffa54630000 - 0x00007ffa5466b000 	C:\WINDOWS\SYSTEM32\NTASN1.dll
0x00007ff9eb5a0000 - 0x00007ff9eb5a7000 	C:\WINDOWS\system32\wshunix.dll

dbghelp: loaded successfully - version: 4.0.5 - missing functions: none
symbol engine: initialized successfully - sym options: 0x614 - pdb path: .;C:\Program Files\Java\jdk-17.0.2\bin;C:\WINDOWS\SYSTEM32;C:\WINDOWS\WinSxS\amd64_microsoft.windows.common-controls_6595b64144ccf1df_6.0.19041.1110_none_60b5254171f9507e;C:\Program Files\Java\jdk-17.0.2\bin\server;C:\Users\DELL\.gradle\native\e1d6ef7f7dcc3fd88c89a11ec53ec762bb8ba0a96d01ffa2cd45eb1d1d8dd5c5\windows-amd64;C:\Users\DELL\.gradle\native\0d407fdbe67a94daf76414ababcb853783967236a71b16ec16e742cd7a986fd3\windows-amd64

VM Arguments:
jvm_args: -XX:MaxMetaspaceSize=512m --add-opens=java.base/java.util=ALL-UNNAMED --add-opens=java.base/java.lang=ALL-UNNAMED --add-opens=java.base/java.lang.invoke=ALL-UNNAMED --add-opens=java.base/java.util=ALL-UNNAMED --add-opens=java.prefs/java.util.prefs=ALL-UNNAMED --add-opens=java.prefs/java.util.prefs=ALL-UNNAMED --add-opens=java.base/java.nio.charset=ALL-UNNAMED --add-opens=java.base/java.net=ALL-UNNAMED --add-opens=java.base/java.util.concurrent.atomic=ALL-UNNAMED -Xmx2048m -Dfile.encoding=windows-1252 -Duser.country=US -Duser.language=en -Duser.variant 
java_command: org.gradle.launcher.daemon.bootstrap.GradleDaemon 7.5.1
java_class_path (initial): C:\Users\DELL\.gradle\wrapper\dists\gradle-7.5.1-all\1ehga6e77gqps5uk2kc5kf1vc\gradle-7.5.1\lib\gradle-launcher-7.5.1.jar
Launcher Type: SUN_STANDARD

[Global flags]
     intx CICompilerCount                          = 4                                         {product} {ergonomic}
   size_t CompressedClassSpaceSize                 = 432013312                                 {product} {ergonomic}
     uint ConcGCThreads                            = 2                                         {product} {ergonomic}
     uint G1ConcRefinementThreads                  = 8                                         {product} {ergonomic}
   size_t G1HeapRegionSize                         = 1048576                                   {product} {ergonomic}
    uintx GCDrainStackTargetSize                   = 64                                        {product} {ergonomic}
   size_t InitialHeapSize                          = 268435456                                 {product} {ergonomic}
   size_t MarkStackSize                            = 4194304                                   {product} {ergonomic}
   size_t MaxHeapSize                              = 2147483648                                {product} {command line}
   size_t MaxMetaspaceSize                         = 536870912                                 {product} {command line}
   size_t MaxNewSize                               = 1287651328                                {product} {ergonomic}
   size_t MinHeapDeltaBytes                        = 1048576                                   {product} {ergonomic}
   size_t MinHeapSize                              = 8388608                                   {product} {ergonomic}
    uintx NonNMethodCodeHeapSize                   = 5839372                                {pd product} {ergonomic}
    uintx NonProfiledCodeHeapSize                  = 122909434                              {pd product} {ergonomic}
    uintx ProfiledCodeHeapSize                     = 122909434                              {pd product} {ergonomic}
    uintx ReservedCodeCacheSize                    = 251658240                              {pd product} {ergonomic}
     bool SegmentedCodeCache                       = true                                      {product} {ergonomic}
   size_t SoftMaxHeapSize                          = 2147483648                             {manageable} {ergonomic}
     bool UseCompressedClassPointers               = true                           {product lp64_product} {ergonomic}
     bool UseCompressedOops                        = true                           {product lp64_product} {ergonomic}
     bool UseG1GC                                  = true                                      {product} {ergonomic}
     bool UseLargePagesIndividualAllocation        = false                                  {pd product} {ergonomic}

Logging:
Log output configuration:
 #0: stdout all=warning uptime,level,tags
 #1: stderr all=off uptime,level,tags

Environment Variables:
JAVA_HOME=C:\Program Files\Java\jdk-17.0.2
CLASSPATH=D:\NAM4-HK2\PTPMHDV\React-Native\FREELANCE\android\\gradle\wrapper\gradle-wrapper.jar
PATH=D:\NAM4-HK2\PTPMHDV\React-Native\FREELANCE\android\node_modules\.bin;D:\NAM4-HK2\PTPMHDV\React-Native\FREELANCE\node_modules\.bin;D:\NAM4-HK2\PTPMHDV\React-Native\node_modules\.bin;D:\NAM4-HK2\PTPMHDV\node_modules\.bin;D:\NAM4-HK2\node_modules\.bin;D:\node_modules\.bin;C:\Program Files\nodejs;D:\NAM4-HK2\PTPMHDV\React-Native\FREELANCE\node_modules\.bin;D:\NAM4-HK2\PTPMHDV\React-Native\node_modules\.bin;D:\NAM4-HK2\PTPMHDV\node_modules\.bin;D:\NAM4-HK2\node_modules\.bin;D:\node_modules\.bin;C:\Program Files\nodejs\node_modules\npm\node_modules\@npmcli\run-script\lib\node-gyp-bin;C:\Program Files\Common Files\Oracle\Java\javapath;C:\Program Files\Python39\Scripts\;C:\Program Files\Python39\;C:\WINDOWS\system32;C:\WINDOWS;C:\WINDOWS\System32\Wbem;C:\WINDOWS\System32\WindowsPowerShell\v1.0\;C:\WINDOWS\System32\OpenSSH\;C:\Program Files\Microsoft SQL Server\Client SDK\ODBC\170\Tools\Binn\;C:\Program Files (x86)\Microsoft SQL Server\150\Tools\Binn\;C:\Program Files\Microsoft SQL Server\150\Tools\Binn\;C:\Program Files\Microsoft SQL Server\150\DTS\Binn\;C:\Program Files (x86)\Microsoft SQL Server\150\DTS\Binn\;C:\Program Files\Azure Data Studio\bin;C:\Program Files\Microsoft SQL Server\Client SDK\ODBC\110\Tools\Binn\;C:\Program Files\Microsoft SQL Server\120\DTS\Binn\;C:\Program Files (x86)\Microsoft SQL Server\120\Tools\Binn\;C:\Program Files\Microsoft SQL Server\120\Tools\Binn\;C:\Program Files (x86)\Microsoft SQL Server\120\Tools\Binn\ManagementStudio\;C:\Program Files (x86)\Microsoft SQL Server\120\DTS\Binn\;C:\Program Files\dotnet\;C:\Program Files\Git\cmd;C:\Program Files\Git\usr\bin;C:\Program Files\Microsoft SQL Server\130\Tools\Binn\;C:\Program Files\Java\jdk-17.0.2\bin;C:\Program Files\apache-maven-3.8.4\bin;C:\Program Files\nodejs\;C:\Program Files\Java\jdk-14\bin;C:\Program Files\MongoDB\Server\6.0\bin;C:\Program Files\mongosh-1.8.0-win32-x64\bin;C:\Users\DELL\AppData\Local\Microsoft\WindowsApps;C:\Program Files\Azure Data Studio\bin;C:\Program Files\Azure Da
USERNAME=DELL
OS=Windows_NT
PROCESSOR_IDENTIFIER=Intel64 Family 6 Model 94 Stepping 3, GenuineIntel



---------------  S Y S T E M  ---------------

OS:
 Windows 10 , 64 bit Build 19041 (10.0.19041.2788)
OS uptime: 0 days 0:35 hours

CPU: total 8 (initial active 8) (4 cores per cpu, 2 threads per core) family 6 model 94 stepping 3 microcode 0xcc, cx8, cmov, fxsr, ht, mmx, 3dnowpref, sse, sse2, sse3, ssse3, sse4.1, sse4.2, popcnt, lzcnt, tsc, tscinvbit, avx, avx2, aes, erms, clmul, bmi1, bmi2, rtm, adx, fma, vzeroupper, clflush, clflushopt

Memory: 4k page, system-wide physical 16266M (1686M free)
TotalPageFile size 20362M (AvailPageFile size 8M)
current process WorkingSet (physical memory assigned to process): 319M, peak: 399M
current process commit charge ("private bytes"): 428M, peak: 450M

vm_info: Java HotSpot(TM) 64-Bit Server VM (17.0.2+8-LTS-86) for windows-amd64 JRE (17.0.2+8-LTS-86), built on Dec  7 2021 21:51:03 by "mach5one" with MS VC++ 16.8 / 16.9 (VS2019)

END.
